{"contracts/apps/ape/ApeDropFacet.sol":{"l":{"22":69,"23":69,"24":69,"25":69,"29":0,"31":69,"35":180,"40":180,"43":180,"47":13,"49":13,"50":13,"59":26,"60":26,"61":26,"62":26,"67":26,"76":43,"77":43,"78":43,"79":43,"80":43,"81":43,"85":42,"86":39,"95":39,"105":117,"106":117,"108":117,"109":117,"110":117,"112":117,"113":117,"114":117,"118":0,"119":0,"120":0,"124":12,"128":18,"132":1,"136":2,"140":13,"141":13,"142":13,"144":13,"148":65,"149":65,"151":65,"152":65,"155":65,"156":65,"157":65},"path":"/Users/tpae/dev/niftykit/packages/contracts/niftykitv3/contracts/apps/ape/ApeDropFacet.sol","s":{"1":69,"2":69,"3":69,"4":69,"5":0,"6":180,"7":180,"8":180,"9":13,"10":13,"11":13,"12":26,"13":26,"14":26,"15":26,"16":26,"17":43,"18":43,"19":43,"20":43,"21":43,"22":43,"23":42,"24":39,"25":39,"26":117,"27":117,"28":117,"29":117,"30":117,"31":117,"32":117,"33":117,"34":0,"35":0,"36":0,"37":12,"38":18,"39":1,"40":2,"41":13,"42":13,"43":13,"44":13,"45":65,"46":65,"47":65,"48":65,"49":65,"50":65},"b":{"1":[69,0],"2":[69,0],"3":[0,69],"4":[180,0],"5":[13,0],"6":[26,0],"7":[26,0],"8":[26,0],"9":[43,0],"10":[43,0],"11":[42,1],"12":[39,3],"13":[39,0],"14":[13,0]},"f":{"1":69,"2":180,"3":13,"4":26,"5":43,"6":117,"7":0,"8":12,"9":18,"10":1,"11":2,"12":13,"13":65},"fnMap":{"1":{"name":"onlyMintable","line":21,"loc":{"start":{"line":21,"column":4},"end":{"line":32,"column":4}}},"2":{"name":"initializeApeDrop","line":34,"loc":{"start":{"line":34,"column":4},"end":{"line":44,"column":4}}},"3":{"name":"finalizeApeDrop","line":46,"loc":{"start":{"line":46,"column":4},"end":{"line":53,"column":4}}},"4":{"name":"apeMintTo","line":58,"loc":{"start":{"line":55,"column":4},"end":{"line":68,"column":4}}},"5":{"name":"apePresaleMintTo","line":75,"loc":{"start":{"line":70,"column":4},"end":{"line":96,"column":4}}},"6":{"name":"apeStartSale","line":104,"loc":{"start":{"line":98,"column":4},"end":{"line":115,"column":4}}},"7":{"name":"apeStopSale","line":117,"loc":{"start":{"line":117,"column":4},"end":{"line":121,"column":4}}},"8":{"name":"apePresaleActive","line":123,"loc":{"start":{"line":123,"column":4},"end":{"line":125,"column":4}}},"9":{"name":"apeSaleActive","line":127,"loc":{"start":{"line":127,"column":4},"end":{"line":129,"column":4}}},"10":{"name":"apePrice","line":131,"loc":{"start":{"line":131,"column":4},"end":{"line":133,"column":4}}},"11":{"name":"apeRevenue","line":135,"loc":{"start":{"line":135,"column":4},"end":{"line":137,"column":4}}},"12":{"name":"apeWithdraw","line":139,"loc":{"start":{"line":139,"column":4},"end":{"line":145,"column":4}}},"13":{"name":"_apePurchaseMint","line":147,"loc":{"start":{"line":147,"column":4},"end":{"line":158,"column":4}}}},"statementMap":{"1":{"start":{"line":22,"column":8},"end":{"line":22,"column":64}},"2":{"start":{"line":23,"column":8},"end":{"line":23,"column":45}},"3":{"start":{"line":24,"column":8},"end":{"line":24,"column":71}},"4":{"start":{"line":25,"column":8},"end":{"line":25,"column":1494}},"5":{"start":{"line":29,"column":12},"end":{"line":29,"column":40}},"6":{"start":{"line":35,"column":8},"end":{"line":35,"column":1761}},"7":{"start":{"line":40,"column":8},"end":{"line":40,"column":1878}},"8":{"start":{"line":43,"column":8},"end":{"line":43,"column":53}},"9":{"start":{"line":47,"column":8},"end":{"line":47,"column":74}},"10":{"start":{"line":49,"column":8},"end":{"line":49,"column":54}},"11":{"start":{"line":50,"column":8},"end":{"line":50,"column":2233}},"12":{"start":{"line":59,"column":8},"end":{"line":59,"column":70}},"13":{"start":{"line":60,"column":8},"end":{"line":60,"column":59}},"14":{"start":{"line":61,"column":8},"end":{"line":61,"column":56}},"15":{"start":{"line":62,"column":8},"end":{"line":62,"column":2660}},"16":{"start":{"line":67,"column":8},"end":{"line":67,"column":44}},"17":{"start":{"line":76,"column":8},"end":{"line":76,"column":68}},"18":{"start":{"line":77,"column":8},"end":{"line":77,"column":70}},"19":{"start":{"line":78,"column":8},"end":{"line":78,"column":60}},"20":{"start":{"line":79,"column":8},"end":{"line":79,"column":62}},"21":{"start":{"line":80,"column":8},"end":{"line":80,"column":63}},"22":{"start":{"line":81,"column":8},"end":{"line":81,"column":3386}},"23":{"start":{"line":85,"column":8},"end":{"line":85,"column":66}},"24":{"start":{"line":86,"column":8},"end":{"line":86,"column":3575}},"25":{"start":{"line":95,"column":8},"end":{"line":95,"column":44}},"26":{"start":{"line":105,"column":8},"end":{"line":105,"column":70}},"27":{"start":{"line":106,"column":8},"end":{"line":106,"column":68}},"28":{"start":{"line":108,"column":8},"end":{"line":108,"column":35}},"29":{"start":{"line":109,"column":8},"end":{"line":109,"column":41}},"30":{"start":{"line":110,"column":8},"end":{"line":110,"column":34}},"31":{"start":{"line":112,"column":8},"end":{"line":112,"column":43}},"32":{"start":{"line":113,"column":8},"end":{"line":113,"column":45}},"33":{"start":{"line":114,"column":8},"end":{"line":114,"column":49}},"34":{"start":{"line":118,"column":8},"end":{"line":118,"column":70}},"35":{"start":{"line":119,"column":8},"end":{"line":119,"column":36}},"36":{"start":{"line":120,"column":8},"end":{"line":120,"column":39}},"37":{"start":{"line":124,"column":8},"end":{"line":124,"column":56}},"38":{"start":{"line":128,"column":8},"end":{"line":128,"column":53}},"39":{"start":{"line":132,"column":8},"end":{"line":132,"column":48}},"40":{"start":{"line":136,"column":8},"end":{"line":136,"column":50}},"41":{"start":{"line":140,"column":8},"end":{"line":140,"column":70}},"42":{"start":{"line":141,"column":8},"end":{"line":141,"column":74}},"43":{"start":{"line":142,"column":8},"end":{"line":142,"column":40}},"44":{"start":{"line":144,"column":8},"end":{"line":144,"column":64}},"45":{"start":{"line":148,"column":8},"end":{"line":148,"column":70}},"46":{"start":{"line":149,"column":8},"end":{"line":149,"column":54}},"47":{"start":{"line":152,"column":12},"end":{"line":152,"column":61}},"48":{"start":{"line":155,"column":8},"end":{"line":155,"column":73}},"49":{"start":{"line":156,"column":8},"end":{"line":156,"column":42}},"50":{"start":{"line":157,"column":8},"end":{"line":157,"column":26}}},"branchMap":{"1":{"line":23,"type":"if","locations":[{"start":{"line":23,"column":8},"end":{"line":23,"column":8}},{"start":{"line":23,"column":8},"end":{"line":23,"column":8}}]},"2":{"line":24,"type":"if","locations":[{"start":{"line":24,"column":8},"end":{"line":24,"column":8}},{"start":{"line":24,"column":8},"end":{"line":24,"column":8}}]},"3":{"line":25,"type":"if","locations":[{"start":{"line":25,"column":8},"end":{"line":25,"column":8}},{"start":{"line":25,"column":8},"end":{"line":25,"column":8}}]},"4":{"line":35,"type":"if","locations":[{"start":{"line":35,"column":8},"end":{"line":35,"column":8}},{"start":{"line":35,"column":8},"end":{"line":35,"column":8}}]},"5":{"line":47,"type":"if","locations":[{"start":{"line":47,"column":8},"end":{"line":47,"column":8}},{"start":{"line":47,"column":8},"end":{"line":47,"column":8}}]},"6":{"line":60,"type":"if","locations":[{"start":{"line":60,"column":8},"end":{"line":60,"column":8}},{"start":{"line":60,"column":8},"end":{"line":60,"column":8}}]},"7":{"line":61,"type":"if","locations":[{"start":{"line":61,"column":8},"end":{"line":61,"column":8}},{"start":{"line":61,"column":8},"end":{"line":61,"column":8}}]},"8":{"line":62,"type":"if","locations":[{"start":{"line":62,"column":8},"end":{"line":62,"column":8}},{"start":{"line":62,"column":8},"end":{"line":62,"column":8}}]},"9":{"line":79,"type":"if","locations":[{"start":{"line":79,"column":8},"end":{"line":79,"column":8}},{"start":{"line":79,"column":8},"end":{"line":79,"column":8}}]},"10":{"line":80,"type":"if","locations":[{"start":{"line":80,"column":8},"end":{"line":80,"column":8}},{"start":{"line":80,"column":8},"end":{"line":80,"column":8}}]},"11":{"line":81,"type":"if","locations":[{"start":{"line":81,"column":8},"end":{"line":81,"column":8}},{"start":{"line":81,"column":8},"end":{"line":81,"column":8}}]},"12":{"line":85,"type":"if","locations":[{"start":{"line":85,"column":8},"end":{"line":85,"column":8}},{"start":{"line":85,"column":8},"end":{"line":85,"column":8}}]},"13":{"line":86,"type":"if","locations":[{"start":{"line":86,"column":8},"end":{"line":86,"column":8}},{"start":{"line":86,"column":8},"end":{"line":86,"column":8}}]},"14":{"line":142,"type":"if","locations":[{"start":{"line":142,"column":8},"end":{"line":142,"column":8}},{"start":{"line":142,"column":8},"end":{"line":142,"column":8}}]}}},"contracts/apps/ape/ApeDropStorage.sol":{"l":{"19":876,"21":876},"path":"/Users/tpae/dev/niftykit/packages/contracts/niftykitv3/contracts/apps/ape/ApeDropStorage.sol","s":{"1":876},"b":{},"f":{"1":876},"fnMap":{"1":{"name":"layout","line":18,"loc":{"start":{"line":18,"column":4},"end":{"line":24,"column":4}}}},"statementMap":{"1":{"start":{"line":19,"column":8},"end":{"line":19,"column":39}}},"branchMap":{}},"contracts/apps/drop/DropFacet.sol":{"l":{"19":155,"20":155,"21":154,"22":153,"26":0,"28":153,"35":107,"36":107,"37":106,"38":105,"43":105,"52":46,"53":46,"54":46,"55":45,"56":44,"60":43,"61":40,"70":39,"77":78,"78":78,"80":78,"81":78,"82":60,"83":60,"91":144,"101":208,"102":208,"103":208,"105":208,"106":208,"107":208,"108":208,"112":24,"113":24,"114":20,"118":1,"122":1,"126":1,"130":1,"134":12,"138":31,"142":3,"146":144,"147":144,"148":144,"150":143,"151":143,"154":143,"159":143,"160":143},"path":"/Users/tpae/dev/niftykit/packages/contracts/niftykitv3/contracts/apps/drop/DropFacet.sol","s":{"1":155,"2":155,"3":154,"4":153,"5":0,"6":107,"7":107,"8":106,"9":105,"10":105,"11":46,"12":46,"13":46,"14":45,"15":44,"16":43,"17":40,"18":39,"19":78,"20":78,"21":78,"22":78,"23":144,"24":208,"25":208,"26":208,"27":208,"28":208,"29":208,"30":208,"31":24,"32":24,"33":20,"34":1,"35":1,"36":1,"37":1,"38":12,"39":31,"40":3,"41":144,"42":144,"43":144,"44":143,"45":143,"46":143,"47":143},"b":{"1":[154,1],"2":[153,1],"3":[0,153],"4":[106,1],"5":[105,1],"6":[105,0],"7":[45,1],"8":[44,1],"9":[43,1],"10":[40,3],"11":[39,1],"12":[78,0],"13":[143,1]},"f":{"1":155,"2":107,"3":46,"4":78,"5":144,"6":208,"7":24,"8":1,"9":1,"10":1,"11":1,"12":12,"13":31,"14":3,"15":144},"fnMap":{"1":{"name":"onlyMintable","line":18,"loc":{"start":{"line":18,"column":4},"end":{"line":29,"column":4}}},"2":{"name":"mintTo","line":34,"loc":{"start":{"line":31,"column":4},"end":{"line":44,"column":4}}},"3":{"name":"presaleMintTo","line":51,"loc":{"start":{"line":46,"column":4},"end":{"line":71,"column":4}}},"4":{"name":"batchAirdrop","line":76,"loc":{"start":{"line":73,"column":4},"end":{"line":86,"column":4}}},"5":{"name":"setMerkleRoot","line":90,"loc":{"start":{"line":88,"column":4},"end":{"line":92,"column":4}}},"6":{"name":"startSale","line":100,"loc":{"start":{"line":94,"column":4},"end":{"line":109,"column":4}}},"7":{"name":"stopSale","line":111,"loc":{"start":{"line":111,"column":4},"end":{"line":115,"column":4}}},"8":{"name":"maxAmount","line":117,"loc":{"start":{"line":117,"column":4},"end":{"line":119,"column":4}}},"9":{"name":"maxPerMint","line":121,"loc":{"start":{"line":121,"column":4},"end":{"line":123,"column":4}}},"10":{"name":"maxPerWallet","line":125,"loc":{"start":{"line":125,"column":4},"end":{"line":127,"column":4}}},"11":{"name":"price","line":129,"loc":{"start":{"line":129,"column":4},"end":{"line":131,"column":4}}},"12":{"name":"presaleActive","line":133,"loc":{"start":{"line":133,"column":4},"end":{"line":135,"column":4}}},"13":{"name":"saleActive","line":137,"loc":{"start":{"line":137,"column":4},"end":{"line":139,"column":4}}},"14":{"name":"dropRevenue","line":141,"loc":{"start":{"line":141,"column":4},"end":{"line":143,"column":4}}},"15":{"name":"_purchaseMint","line":145,"loc":{"start":{"line":145,"column":4},"end":{"line":161,"column":4}}}},"statementMap":{"1":{"start":{"line":19,"column":8},"end":{"line":19,"column":64}},"2":{"start":{"line":20,"column":8},"end":{"line":20,"column":45}},"3":{"start":{"line":21,"column":8},"end":{"line":21,"column":71}},"4":{"start":{"line":22,"column":8},"end":{"line":22,"column":1218}},"5":{"start":{"line":26,"column":12},"end":{"line":26,"column":40}},"6":{"start":{"line":35,"column":8},"end":{"line":35,"column":64}},"7":{"start":{"line":36,"column":8},"end":{"line":36,"column":56}},"8":{"start":{"line":37,"column":8},"end":{"line":37,"column":53}},"9":{"start":{"line":38,"column":8},"end":{"line":38,"column":1713}},"10":{"start":{"line":43,"column":8},"end":{"line":43,"column":41}},"11":{"start":{"line":52,"column":8},"end":{"line":52,"column":64}},"12":{"start":{"line":53,"column":8},"end":{"line":53,"column":60}},"13":{"start":{"line":54,"column":8},"end":{"line":54,"column":59}},"14":{"start":{"line":55,"column":8},"end":{"line":55,"column":59}},"15":{"start":{"line":56,"column":8},"end":{"line":56,"column":2336}},"16":{"start":{"line":60,"column":8},"end":{"line":60,"column":66}},"17":{"start":{"line":61,"column":8},"end":{"line":61,"column":2521}},"18":{"start":{"line":70,"column":8},"end":{"line":70,"column":41}},"19":{"start":{"line":77,"column":8},"end":{"line":77,"column":42}},"20":{"start":{"line":78,"column":8},"end":{"line":78,"column":64}},"21":{"start":{"line":80,"column":8},"end":{"line":80,"column":3087}},"22":{"start":{"line":81,"column":12},"end":{"line":81,"column":50}},"23":{"start":{"line":91,"column":8},"end":{"line":91,"column":49}},"24":{"start":{"line":101,"column":8},"end":{"line":101,"column":64}},"25":{"start":{"line":102,"column":8},"end":{"line":102,"column":32}},"26":{"start":{"line":103,"column":8},"end":{"line":103,"column":38}},"27":{"start":{"line":105,"column":8},"end":{"line":105,"column":39}},"28":{"start":{"line":106,"column":8},"end":{"line":106,"column":41}},"29":{"start":{"line":107,"column":8},"end":{"line":107,"column":45}},"30":{"start":{"line":108,"column":8},"end":{"line":108,"column":31}},"31":{"start":{"line":112,"column":8},"end":{"line":112,"column":64}},"32":{"start":{"line":113,"column":8},"end":{"line":113,"column":33}},"33":{"start":{"line":114,"column":8},"end":{"line":114,"column":36}},"34":{"start":{"line":118,"column":8},"end":{"line":118,"column":46}},"35":{"start":{"line":122,"column":8},"end":{"line":122,"column":47}},"36":{"start":{"line":126,"column":8},"end":{"line":126,"column":49}},"37":{"start":{"line":130,"column":8},"end":{"line":130,"column":42}},"38":{"start":{"line":134,"column":8},"end":{"line":134,"column":50}},"39":{"start":{"line":138,"column":8},"end":{"line":138,"column":47}},"40":{"start":{"line":142,"column":8},"end":{"line":142,"column":48}},"41":{"start":{"line":146,"column":8},"end":{"line":146,"column":61}},"42":{"start":{"line":147,"column":8},"end":{"line":147,"column":64}},"43":{"start":{"line":148,"column":8},"end":{"line":148,"column":75}},"44":{"start":{"line":151,"column":12},"end":{"line":151,"column":67}},"45":{"start":{"line":154,"column":8},"end":{"line":154,"column":5382}},"46":{"start":{"line":159,"column":8},"end":{"line":159,"column":42}},"47":{"start":{"line":160,"column":8},"end":{"line":160,"column":26}}},"branchMap":{"1":{"line":20,"type":"if","locations":[{"start":{"line":20,"column":8},"end":{"line":20,"column":8}},{"start":{"line":20,"column":8},"end":{"line":20,"column":8}}]},"2":{"line":21,"type":"if","locations":[{"start":{"line":21,"column":8},"end":{"line":21,"column":8}},{"start":{"line":21,"column":8},"end":{"line":21,"column":8}}]},"3":{"line":22,"type":"if","locations":[{"start":{"line":22,"column":8},"end":{"line":22,"column":8}},{"start":{"line":22,"column":8},"end":{"line":22,"column":8}}]},"4":{"line":36,"type":"if","locations":[{"start":{"line":36,"column":8},"end":{"line":36,"column":8}},{"start":{"line":36,"column":8},"end":{"line":36,"column":8}}]},"5":{"line":37,"type":"if","locations":[{"start":{"line":37,"column":8},"end":{"line":37,"column":8}},{"start":{"line":37,"column":8},"end":{"line":37,"column":8}}]},"6":{"line":38,"type":"if","locations":[{"start":{"line":38,"column":8},"end":{"line":38,"column":8}},{"start":{"line":38,"column":8},"end":{"line":38,"column":8}}]},"7":{"line":54,"type":"if","locations":[{"start":{"line":54,"column":8},"end":{"line":54,"column":8}},{"start":{"line":54,"column":8},"end":{"line":54,"column":8}}]},"8":{"line":55,"type":"if","locations":[{"start":{"line":55,"column":8},"end":{"line":55,"column":8}},{"start":{"line":55,"column":8},"end":{"line":55,"column":8}}]},"9":{"line":56,"type":"if","locations":[{"start":{"line":56,"column":8},"end":{"line":56,"column":8}},{"start":{"line":56,"column":8},"end":{"line":56,"column":8}}]},"10":{"line":60,"type":"if","locations":[{"start":{"line":60,"column":8},"end":{"line":60,"column":8}},{"start":{"line":60,"column":8},"end":{"line":60,"column":8}}]},"11":{"line":61,"type":"if","locations":[{"start":{"line":61,"column":8},"end":{"line":61,"column":8}},{"start":{"line":61,"column":8},"end":{"line":61,"column":8}}]},"12":{"line":78,"type":"if","locations":[{"start":{"line":78,"column":8},"end":{"line":78,"column":8}},{"start":{"line":78,"column":8},"end":{"line":78,"column":8}}]},"13":{"line":148,"type":"if","locations":[{"start":{"line":148,"column":8},"end":{"line":148,"column":8}},{"start":{"line":148,"column":8},"end":{"line":148,"column":8}}]}}},"contracts/apps/drop/DropStorage.sol":{"l":{"23":1133,"25":1133},"path":"/Users/tpae/dev/niftykit/packages/contracts/niftykitv3/contracts/apps/drop/DropStorage.sol","s":{"1":1133},"b":{},"f":{"1":1133},"fnMap":{"1":{"name":"layout","line":22,"loc":{"start":{"line":22,"column":4},"end":{"line":28,"column":4}}}},"statementMap":{"1":{"start":{"line":23,"column":8},"end":{"line":23,"column":39}}},"branchMap":{}},"contracts/apps/edition/EditionFacet.sol":{"l":{"35":65,"37":65,"38":65,"51":65,"52":65,"55":55,"65":13,"66":13,"68":12,"69":12,"70":11,"71":10,"78":14,"79":14,"81":13,"88":13,"89":13,"91":12,"98":66,"99":66,"101":65,"108":14,"109":14,"111":13,"117":13,"118":13,"120":12,"121":12,"131":58,"132":58,"133":58,"135":57,"136":57,"137":56,"138":55,"139":55,"144":55,"149":55,"150":13,"159":55,"166":53,"167":53,"168":53,"169":53,"173":53,"178":53,"179":53,"184":53,"188":53,"189":53,"193":53,"195":46,"201":8,"205":1,"209":4},"path":"/Users/tpae/dev/niftykit/packages/contracts/niftykitv3/contracts/apps/edition/EditionFacet.sol","s":{"1":65,"2":65,"3":65,"4":65,"5":55,"6":13,"7":13,"8":12,"9":12,"10":11,"11":10,"12":14,"13":14,"14":13,"15":13,"16":13,"17":12,"18":66,"19":66,"20":65,"21":14,"22":14,"23":13,"24":13,"25":13,"26":12,"27":12,"28":58,"29":58,"30":58,"31":57,"32":57,"33":56,"34":55,"35":55,"36":55,"37":55,"38":13,"39":55,"40":53,"41":53,"42":53,"43":53,"44":53,"45":53,"46":53,"47":53,"48":46,"49":8,"50":1,"51":4},"b":{"1":[12,1],"2":[13,1],"3":[12,1],"4":[65,1],"5":[13,1],"6":[12,1],"7":[57,1],"8":[56,1],"9":[55,1],"10":[55,0],"11":[55,0],"12":[55,0],"13":[13,42],"14":[13,0],"15":[53,2]},"f":{"1":65,"2":13,"3":14,"4":13,"5":66,"6":14,"7":13,"8":58,"9":8,"10":1,"11":4},"fnMap":{"1":{"name":"createEdition","line":34,"loc":{"start":{"line":28,"column":4},"end":{"line":56,"column":4}}},"2":{"name":"updateEdition","line":64,"loc":{"start":{"line":58,"column":4},"end":{"line":72,"column":4}}},"3":{"name":"setEditionTokenURI","line":77,"loc":{"start":{"line":74,"column":4},"end":{"line":82,"column":4}}},"4":{"name":"setEditionMerkleRoot","line":87,"loc":{"start":{"line":84,"column":4},"end":{"line":92,"column":4}}},"5":{"name":"setEditionActive","line":97,"loc":{"start":{"line":94,"column":4},"end":{"line":102,"column":4}}},"6":{"name":"setEditionSigner","line":107,"loc":{"start":{"line":104,"column":4},"end":{"line":112,"column":4}}},"7":{"name":"invalidateSignature","line":116,"loc":{"start":{"line":114,"column":4},"end":{"line":122,"column":4}}},"8":{"name":"mintEdition","line":124,"loc":{"start":{"line":124,"column":4},"end":{"line":196,"column":4}}},"9":{"name":"getEdition","line":198,"loc":{"start":{"line":198,"column":4},"end":{"line":202,"column":4}}},"10":{"name":"editionRevenue","line":204,"loc":{"start":{"line":204,"column":4},"end":{"line":206,"column":4}}},"11":{"name":"editionsCount","line":208,"loc":{"start":{"line":208,"column":4},"end":{"line":210,"column":4}}}},"statementMap":{"1":{"start":{"line":35,"column":8},"end":{"line":35,"column":70}},"2":{"start":{"line":37,"column":8},"end":{"line":37,"column":41}},"3":{"start":{"line":38,"column":8},"end":{"line":38,"column":1687}},"4":{"start":{"line":52,"column":12},"end":{"line":52,"column":43}},"5":{"start":{"line":55,"column":8},"end":{"line":55,"column":38}},"6":{"start":{"line":65,"column":8},"end":{"line":65,"column":70}},"7":{"start":{"line":66,"column":8},"end":{"line":66,"column":59}},"8":{"start":{"line":68,"column":8},"end":{"line":68,"column":48}},"9":{"start":{"line":69,"column":8},"end":{"line":69,"column":60}},"10":{"start":{"line":70,"column":8},"end":{"line":70,"column":62}},"11":{"start":{"line":71,"column":8},"end":{"line":71,"column":58}},"12":{"start":{"line":78,"column":8},"end":{"line":78,"column":70}},"13":{"start":{"line":79,"column":8},"end":{"line":79,"column":59}},"14":{"start":{"line":81,"column":8},"end":{"line":81,"column":54}},"15":{"start":{"line":88,"column":8},"end":{"line":88,"column":70}},"16":{"start":{"line":89,"column":8},"end":{"line":89,"column":59}},"17":{"start":{"line":91,"column":8},"end":{"line":91,"column":58}},"18":{"start":{"line":98,"column":8},"end":{"line":98,"column":70}},"19":{"start":{"line":99,"column":8},"end":{"line":99,"column":59}},"20":{"start":{"line":101,"column":8},"end":{"line":101,"column":50}},"21":{"start":{"line":108,"column":8},"end":{"line":108,"column":70}},"22":{"start":{"line":109,"column":8},"end":{"line":109,"column":59}},"23":{"start":{"line":111,"column":8},"end":{"line":111,"column":50}},"24":{"start":{"line":117,"column":8},"end":{"line":117,"column":70}},"25":{"start":{"line":118,"column":8},"end":{"line":118,"column":59}},"26":{"start":{"line":120,"column":8},"end":{"line":120,"column":76}},"27":{"start":{"line":121,"column":8},"end":{"line":121,"column":43}},"28":{"start":{"line":131,"column":8},"end":{"line":131,"column":61}},"29":{"start":{"line":132,"column":8},"end":{"line":132,"column":70}},"30":{"start":{"line":133,"column":8},"end":{"line":133,"column":59}},"31":{"start":{"line":135,"column":8},"end":{"line":135,"column":76}},"32":{"start":{"line":136,"column":8},"end":{"line":136,"column":44}},"33":{"start":{"line":137,"column":8},"end":{"line":137,"column":75}},"34":{"start":{"line":138,"column":8},"end":{"line":138,"column":71}},"35":{"start":{"line":139,"column":8},"end":{"line":139,"column":5227}},"36":{"start":{"line":144,"column":8},"end":{"line":144,"column":5400}},"37":{"start":{"line":149,"column":8},"end":{"line":149,"column":5573}},"38":{"start":{"line":150,"column":12},"end":{"line":150,"column":5621}},"39":{"start":{"line":159,"column":8},"end":{"line":159,"column":5883}},"40":{"start":{"line":167,"column":12},"end":{"line":167,"column":73}},"41":{"start":{"line":168,"column":12},"end":{"line":168,"column":60}},"42":{"start":{"line":169,"column":12},"end":{"line":169,"column":6324}},"43":{"start":{"line":173,"column":8},"end":{"line":173,"column":6403}},"44":{"start":{"line":178,"column":8},"end":{"line":178,"column":68}},"45":{"start":{"line":179,"column":8},"end":{"line":179,"column":6603}},"46":{"start":{"line":184,"column":12},"end":{"line":184,"column":6729}},"47":{"start":{"line":193,"column":8},"end":{"line":193,"column":33}},"48":{"start":{"line":195,"column":8},"end":{"line":195,"column":69}},"49":{"start":{"line":201,"column":8},"end":{"line":201,"column":59}},"50":{"start":{"line":205,"column":8},"end":{"line":205,"column":54}},"51":{"start":{"line":209,"column":8},"end":{"line":209,"column":45}}},"branchMap":{"1":{"line":66,"type":"if","locations":[{"start":{"line":66,"column":8},"end":{"line":66,"column":8}},{"start":{"line":66,"column":8},"end":{"line":66,"column":8}}]},"2":{"line":79,"type":"if","locations":[{"start":{"line":79,"column":8},"end":{"line":79,"column":8}},{"start":{"line":79,"column":8},"end":{"line":79,"column":8}}]},"3":{"line":89,"type":"if","locations":[{"start":{"line":89,"column":8},"end":{"line":89,"column":8}},{"start":{"line":89,"column":8},"end":{"line":89,"column":8}}]},"4":{"line":99,"type":"if","locations":[{"start":{"line":99,"column":8},"end":{"line":99,"column":8}},{"start":{"line":99,"column":8},"end":{"line":99,"column":8}}]},"5":{"line":109,"type":"if","locations":[{"start":{"line":109,"column":8},"end":{"line":109,"column":8}},{"start":{"line":109,"column":8},"end":{"line":109,"column":8}}]},"6":{"line":118,"type":"if","locations":[{"start":{"line":118,"column":8},"end":{"line":118,"column":8}},{"start":{"line":118,"column":8},"end":{"line":118,"column":8}}]},"7":{"line":133,"type":"if","locations":[{"start":{"line":133,"column":8},"end":{"line":133,"column":8}},{"start":{"line":133,"column":8},"end":{"line":133,"column":8}}]},"8":{"line":136,"type":"if","locations":[{"start":{"line":136,"column":8},"end":{"line":136,"column":8}},{"start":{"line":136,"column":8},"end":{"line":136,"column":8}}]},"9":{"line":137,"type":"if","locations":[{"start":{"line":137,"column":8},"end":{"line":137,"column":8}},{"start":{"line":137,"column":8},"end":{"line":137,"column":8}}]},"10":{"line":138,"type":"if","locations":[{"start":{"line":138,"column":8},"end":{"line":138,"column":8}},{"start":{"line":138,"column":8},"end":{"line":138,"column":8}}]},"11":{"line":139,"type":"if","locations":[{"start":{"line":139,"column":8},"end":{"line":139,"column":8}},{"start":{"line":139,"column":8},"end":{"line":139,"column":8}}]},"12":{"line":144,"type":"if","locations":[{"start":{"line":144,"column":8},"end":{"line":144,"column":8}},{"start":{"line":144,"column":8},"end":{"line":144,"column":8}}]},"13":{"line":149,"type":"if","locations":[{"start":{"line":149,"column":8},"end":{"line":149,"column":8}},{"start":{"line":149,"column":8},"end":{"line":149,"column":8}}]},"14":{"line":150,"type":"if","locations":[{"start":{"line":150,"column":12},"end":{"line":150,"column":12}},{"start":{"line":150,"column":12},"end":{"line":150,"column":12}}]},"15":{"line":159,"type":"if","locations":[{"start":{"line":159,"column":8},"end":{"line":159,"column":8}},{"start":{"line":159,"column":8},"end":{"line":159,"column":8}}]}}},"contracts/apps/edition/EditionStorage.sol":{"l":{"29":269,"31":269},"path":"/Users/tpae/dev/niftykit/packages/contracts/niftykitv3/contracts/apps/edition/EditionStorage.sol","s":{"1":269},"b":{},"f":{"1":269},"fnMap":{"1":{"name":"layout","line":28,"loc":{"start":{"line":28,"column":4},"end":{"line":34,"column":4}}}},"statementMap":{"1":{"start":{"line":29,"column":8},"end":{"line":29,"column":39}}},"branchMap":{}},"contracts/apps/example/ExampleFacet.sol":{"l":{"11":42,"13":42,"14":42,"18":24,"20":24,"21":24,"25":8,"31":61},"path":"/Users/tpae/dev/niftykit/packages/contracts/niftykitv3/contracts/apps/example/ExampleFacet.sol","s":{"1":42,"2":42,"3":42,"4":24,"5":24,"6":24,"7":8,"8":61},"b":{"1":[42,0],"2":[24,0]},"f":{"1":42,"2":24,"3":8,"4":61},"fnMap":{"1":{"name":"initializeExampleFacet","line":10,"loc":{"start":{"line":10,"column":4},"end":{"line":15,"column":4}}},"2":{"name":"finalizeExampleFacet","line":17,"loc":{"start":{"line":17,"column":4},"end":{"line":22,"column":4}}},"3":{"name":"getFoo","line":24,"loc":{"start":{"line":24,"column":4},"end":{"line":26,"column":4}}},"4":{"name":"setFoo","line":30,"loc":{"start":{"line":28,"column":4},"end":{"line":32,"column":4}}}},"statementMap":{"1":{"start":{"line":11,"column":8},"end":{"line":11,"column":76}},"2":{"start":{"line":13,"column":8},"end":{"line":13,"column":44}},"3":{"start":{"line":14,"column":8},"end":{"line":14,"column":50}},"4":{"start":{"line":18,"column":8},"end":{"line":18,"column":71}},"5":{"start":{"line":20,"column":8},"end":{"line":20,"column":51}},"6":{"start":{"line":21,"column":8},"end":{"line":21,"column":42}},"7":{"start":{"line":25,"column":8},"end":{"line":25,"column":45}},"8":{"start":{"line":31,"column":8},"end":{"line":31,"column":44}}},"branchMap":{"1":{"line":11,"type":"if","locations":[{"start":{"line":11,"column":8},"end":{"line":11,"column":8}},{"start":{"line":11,"column":8},"end":{"line":11,"column":8}}]},"2":{"line":18,"type":"if","locations":[{"start":{"line":18,"column":8},"end":{"line":18,"column":8}},{"start":{"line":18,"column":8},"end":{"line":18,"column":8}}]}}},"contracts/apps/example/ExampleStorage.sol":{"l":{"14":267,"16":267},"path":"/Users/tpae/dev/niftykit/packages/contracts/niftykitv3/contracts/apps/example/ExampleStorage.sol","s":{"1":267},"b":{},"f":{"1":267},"fnMap":{"1":{"name":"layout","line":13,"loc":{"start":{"line":13,"column":4},"end":{"line":19,"column":4}}}},"statementMap":{"1":{"start":{"line":14,"column":8},"end":{"line":14,"column":39}}},"branchMap":{}},"contracts/diamond/BaseStorage.sol":{"l":{"38":2475,"40":2475},"path":"/Users/tpae/dev/niftykit/packages/contracts/niftykitv3/contracts/diamond/BaseStorage.sol","s":{"1":2475},"b":{},"f":{"1":2475},"fnMap":{"1":{"name":"layout","line":37,"loc":{"start":{"line":37,"column":4},"end":{"line":43,"column":4}}}},"statementMap":{"1":{"start":{"line":38,"column":8},"end":{"line":38,"column":39}}},"branchMap":{}},"contracts/diamond/DiamondCollection.sol":{"l":{"22":15,"31":710,"32":710,"33":710,"34":710,"35":710,"36":710,"37":612,"42":12,"46":25,"47":25,"48":25,"50":24,"54":2,"58":87,"62":222,"66":12,"70":37,"82":0},"path":"/Users/tpae/dev/niftykit/packages/contracts/niftykitv3/contracts/diamond/DiamondCollection.sol","s":{"1":15,"2":710,"3":710,"4":710,"5":710,"6":710,"7":710,"8":612,"9":12,"10":25,"11":25,"12":25,"13":24,"14":2,"15":87,"16":222,"17":12,"18":37,"19":0},"b":{"1":[612,98],"2":[24,1]},"f":{"1":15,"2":710,"3":12,"4":25,"5":2,"6":87,"7":222,"8":12,"9":37,"10":0},"fnMap":{"1":{"name":"constructor","line":21,"loc":{"start":{"line":21,"column":4},"end":{"line":23,"column":4}}},"2":{"name":"initialize","line":30,"loc":{"start":{"line":25,"column":4},"end":{"line":39,"column":4}}},"3":{"name":"setTreasury","line":41,"loc":{"start":{"line":41,"column":4},"end":{"line":43,"column":4}}},"4":{"name":"withdraw","line":45,"loc":{"start":{"line":45,"column":4},"end":{"line":51,"column":4}}},"5":{"name":"treasury","line":53,"loc":{"start":{"line":53,"column":4},"end":{"line":55,"column":4}}},"6":{"name":"installApp","line":57,"loc":{"start":{"line":57,"column":4},"end":{"line":59,"column":4}}},"7":{"name":"installApp","line":61,"loc":{"start":{"line":61,"column":4},"end":{"line":63,"column":4}}},"8":{"name":"removeApp","line":65,"loc":{"start":{"line":65,"column":4},"end":{"line":67,"column":4}}},"9":{"name":"removeApp","line":69,"loc":{"start":{"line":69,"column":4},"end":{"line":71,"column":4}}},"10":{"name":"supportsInterface","line":73,"loc":{"start":{"line":73,"column":4},"end":{"line":85,"column":4}}}},"statementMap":{"1":{"start":{"line":22,"column":8},"end":{"line":22,"column":29}},"2":{"start":{"line":31,"column":8},"end":{"line":31,"column":64}},"3":{"start":{"line":32,"column":8},"end":{"line":32,"column":49}},"4":{"start":{"line":33,"column":8},"end":{"line":33,"column":31}},"5":{"start":{"line":34,"column":8},"end":{"line":34,"column":39}},"6":{"start":{"line":35,"column":8},"end":{"line":35,"column":30}},"7":{"start":{"line":36,"column":8},"end":{"line":36,"column":1304}},"8":{"start":{"line":37,"column":12},"end":{"line":37,"column":32}},"9":{"start":{"line":42,"column":8},"end":{"line":42,"column":51}},"10":{"start":{"line":46,"column":8},"end":{"line":46,"column":64}},"11":{"start":{"line":47,"column":8},"end":{"line":47,"column":47}},"12":{"start":{"line":48,"column":8},"end":{"line":48,"column":40}},"13":{"start":{"line":50,"column":8},"end":{"line":50,"column":71}},"14":{"start":{"line":54,"column":8},"end":{"line":54,"column":45}},"15":{"start":{"line":58,"column":8},"end":{"line":58,"column":40}},"16":{"start":{"line":62,"column":8},"end":{"line":62,"column":45}},"17":{"start":{"line":66,"column":8},"end":{"line":66,"column":39}},"18":{"start":{"line":70,"column":8},"end":{"line":70,"column":44}},"19":{"start":{"line":82,"column":8},"end":{"line":82,"column":2647}}},"branchMap":{"1":{"line":36,"type":"if","locations":[{"start":{"line":36,"column":8},"end":{"line":36,"column":8}},{"start":{"line":36,"column":8},"end":{"line":36,"column":8}}]},"2":{"line":48,"type":"if","locations":[{"start":{"line":48,"column":8},"end":{"line":48,"column":8}},{"start":{"line":48,"column":8},"end":{"line":48,"column":8}}]}}},"contracts/diamond/DiamondLoupeFacet.sol":{"l":{"27":0,"28":0,"29":0,"30":0,"31":0,"33":0,"34":0,"35":0,"36":0,"37":0,"38":0,"41":0,"42":0,"43":0,"44":0,"45":0,"46":0,"48":0,"49":0,"50":0,"51":0,"54":0,"55":0,"57":0,"58":0,"59":0,"60":0,"61":0,"64":0,"65":0,"66":0,"68":0,"73":0,"82":0,"83":0,"84":0,"85":0,"87":0,"88":0,"89":0,"90":0,"91":0,"92":0,"95":0,"96":0,"97":0,"98":0,"99":0,"104":0,"112":0,"113":0,"114":0,"115":0,"117":0,"118":0,"119":0,"120":0,"121":0,"122":0,"125":0,"126":0,"127":0,"128":0,"129":0,"130":0,"131":0,"134":0,"135":0,"137":0,"138":0,"142":0,"152":0,"153":0,"158":0,"159":0},"path":"/Users/tpae/dev/niftykit/packages/contracts/niftykitv3/contracts/diamond/DiamondLoupeFacet.sol","s":{"1":0,"2":0,"3":0,"4":0,"5":0,"6":0,"7":0,"8":0,"9":0,"10":0,"11":0,"12":0,"13":0,"14":0,"15":0,"16":0,"17":0,"18":0,"19":0,"20":0,"21":0,"22":0,"23":0,"24":0,"25":0,"26":0,"27":0,"28":0,"29":0,"30":0,"31":0,"32":0,"33":0,"34":0,"35":0,"36":0,"37":0,"38":0,"39":0,"40":0,"41":0,"42":0,"43":0,"44":0,"45":0,"46":0,"47":0,"48":0,"49":0,"50":0,"51":0,"52":0,"53":0,"54":0,"55":0,"56":0,"57":0},"b":{"1":[0,0],"2":[0,0],"3":[0,0],"4":[0,0],"5":[0,0],"6":[0,0],"7":[0,0],"8":[0,0],"9":[0,0]},"f":{"1":0,"2":0,"3":0,"4":0,"5":0},"fnMap":{"1":{"name":"facets","line":26,"loc":{"start":{"line":26,"column":4},"end":{"line":76,"column":4}}},"2":{"name":"facetFunctionSelectors","line":81,"loc":{"start":{"line":81,"column":4},"end":{"line":107,"column":4}}},"3":{"name":"facetAddresses","line":111,"loc":{"start":{"line":111,"column":4},"end":{"line":145,"column":4}}},"4":{"name":"facetAddress","line":151,"loc":{"start":{"line":151,"column":4},"end":{"line":154,"column":4}}},"5":{"name":"supportsInterface","line":157,"loc":{"start":{"line":157,"column":4},"end":{"line":160,"column":4}}}},"statementMap":{"1":{"start":{"line":27,"column":8},"end":{"line":27,"column":74}},"2":{"start":{"line":28,"column":8},"end":{"line":28,"column":46}},"3":{"start":{"line":29,"column":8},"end":{"line":29,"column":74}},"4":{"start":{"line":30,"column":8},"end":{"line":30,"column":25}},"5":{"start":{"line":31,"column":8},"end":{"line":31,"column":29}},"6":{"start":{"line":33,"column":8},"end":{"line":33,"column":1486}},"7":{"start":{"line":34,"column":12},"end":{"line":34,"column":54}},"8":{"start":{"line":35,"column":12},"end":{"line":35,"column":1631}},"9":{"start":{"line":37,"column":16},"end":{"line":37,"column":1762}},"10":{"start":{"line":41,"column":16},"end":{"line":41,"column":74}},"11":{"start":{"line":42,"column":16},"end":{"line":42,"column":77}},"12":{"start":{"line":43,"column":16},"end":{"line":43,"column":33}},"13":{"start":{"line":44,"column":16},"end":{"line":44,"column":2120}},"14":{"start":{"line":45,"column":20},"end":{"line":45,"column":2209}},"15":{"start":{"line":46,"column":24},"end":{"line":46,"column":102}},"16":{"start":{"line":48,"column":24},"end":{"line":48,"column":67}},"17":{"start":{"line":50,"column":24},"end":{"line":50,"column":42}},"18":{"start":{"line":54,"column":16},"end":{"line":54,"column":2726}},"19":{"start":{"line":57,"column":16},"end":{"line":57,"column":62}},"20":{"start":{"line":58,"column":16},"end":{"line":58,"column":84}},"21":{"start":{"line":59,"column":16},"end":{"line":59,"column":65}},"22":{"start":{"line":60,"column":16},"end":{"line":60,"column":47}},"23":{"start":{"line":64,"column":8},"end":{"line":64,"column":3117}},"24":{"start":{"line":65,"column":12},"end":{"line":65,"column":64}},"25":{"start":{"line":66,"column":12},"end":{"line":66,"column":77}},"26":{"start":{"line":82,"column":8},"end":{"line":82,"column":74}},"27":{"start":{"line":83,"column":8},"end":{"line":83,"column":28}},"28":{"start":{"line":84,"column":8},"end":{"line":84,"column":63}},"29":{"start":{"line":85,"column":8},"end":{"line":85,"column":29}},"30":{"start":{"line":87,"column":8},"end":{"line":87,"column":4172}},"31":{"start":{"line":88,"column":12},"end":{"line":88,"column":54}},"32":{"start":{"line":89,"column":12},"end":{"line":89,"column":4317}},"33":{"start":{"line":91,"column":16},"end":{"line":91,"column":4448}},"34":{"start":{"line":95,"column":16},"end":{"line":95,"column":74}},"35":{"start":{"line":96,"column":16},"end":{"line":96,"column":69}},"36":{"start":{"line":97,"column":16},"end":{"line":97,"column":4763}},"37":{"start":{"line":98,"column":20},"end":{"line":98,"column":67}},"38":{"start":{"line":112,"column":8},"end":{"line":112,"column":74}},"39":{"start":{"line":113,"column":8},"end":{"line":113,"column":56}},"40":{"start":{"line":114,"column":8},"end":{"line":114,"column":25}},"41":{"start":{"line":115,"column":8},"end":{"line":115,"column":29}},"42":{"start":{"line":117,"column":8},"end":{"line":117,"column":5509}},"43":{"start":{"line":118,"column":12},"end":{"line":118,"column":54}},"44":{"start":{"line":119,"column":12},"end":{"line":119,"column":5654}},"45":{"start":{"line":121,"column":16},"end":{"line":121,"column":5785}},"46":{"start":{"line":125,"column":16},"end":{"line":125,"column":74}},"47":{"start":{"line":126,"column":16},"end":{"line":126,"column":77}},"48":{"start":{"line":127,"column":16},"end":{"line":127,"column":33}},"49":{"start":{"line":128,"column":16},"end":{"line":128,"column":6143}},"50":{"start":{"line":129,"column":20},"end":{"line":129,"column":6232}},"51":{"start":{"line":130,"column":24},"end":{"line":130,"column":42}},"52":{"start":{"line":134,"column":16},"end":{"line":134,"column":6412}},"53":{"start":{"line":137,"column":16},"end":{"line":137,"column":57}},"54":{"start":{"line":152,"column":8},"end":{"line":152,"column":74}},"55":{"start":{"line":153,"column":8},"end":{"line":153,"column":69}},"56":{"start":{"line":158,"column":8},"end":{"line":158,"column":74}},"57":{"start":{"line":159,"column":8},"end":{"line":159,"column":51}}},"branchMap":{"1":{"line":37,"type":"if","locations":[{"start":{"line":37,"column":16},"end":{"line":37,"column":16}},{"start":{"line":37,"column":16},"end":{"line":37,"column":16}}]},"2":{"line":45,"type":"if","locations":[{"start":{"line":45,"column":20},"end":{"line":45,"column":20}},{"start":{"line":45,"column":20},"end":{"line":45,"column":20}}]},"3":{"line":48,"type":"if","locations":[{"start":{"line":48,"column":24},"end":{"line":48,"column":24}},{"start":{"line":48,"column":24},"end":{"line":48,"column":24}}]},"4":{"line":54,"type":"if","locations":[{"start":{"line":54,"column":16},"end":{"line":54,"column":16}},{"start":{"line":54,"column":16},"end":{"line":54,"column":16}}]},"5":{"line":91,"type":"if","locations":[{"start":{"line":91,"column":16},"end":{"line":91,"column":16}},{"start":{"line":91,"column":16},"end":{"line":91,"column":16}}]},"6":{"line":97,"type":"if","locations":[{"start":{"line":97,"column":16},"end":{"line":97,"column":16}},{"start":{"line":97,"column":16},"end":{"line":97,"column":16}}]},"7":{"line":121,"type":"if","locations":[{"start":{"line":121,"column":16},"end":{"line":121,"column":16}},{"start":{"line":121,"column":16},"end":{"line":121,"column":16}}]},"8":{"line":129,"type":"if","locations":[{"start":{"line":129,"column":20},"end":{"line":129,"column":20}},{"start":{"line":129,"column":20},"end":{"line":129,"column":20}}]},"9":{"line":134,"type":"if","locations":[{"start":{"line":134,"column":16},"end":{"line":134,"column":16}},{"start":{"line":134,"column":16},"end":{"line":134,"column":16}}]}}},"contracts/diamond/NiftyKitDiamond.sol":{"l":{"19":3,"29":309,"30":309,"31":309,"34":309,"35":309,"37":309,"38":309,"44":309,"46":309,"47":309,"55":49,"56":49,"57":49,"58":49,"60":49,"61":49,"67":49,"70":49,"71":49,"72":45,"76":612,"77":612,"78":612,"79":612,"82":612,"85":612,"86":624,"87":624,"89":624,"95":624,"96":624,"98":624,"99":624,"103":612,"109":1490,"110":1490,"112":1490,"116":1490,"117":1490,"119":1488},"path":"/Users/tpae/dev/niftykit/packages/contracts/niftykitv3/contracts/diamond/NiftyKitDiamond.sol","s":{"1":3,"2":309,"3":309,"4":309,"5":309,"6":309,"7":309,"8":309,"9":309,"10":309,"11":309,"12":49,"13":49,"14":49,"15":49,"16":49,"17":49,"18":49,"19":49,"20":49,"21":612,"22":612,"23":612,"24":612,"25":612,"26":612,"27":624,"28":624,"29":0,"30":624,"31":624,"32":624,"33":612,"34":1490,"35":1490,"36":1490,"37":1490},"b":{"1":[309,0],"2":[49,0],"3":[0,624],"4":[1488,2]},"f":{"1":3,"2":309,"3":49,"4":612,"5":1490},"fnMap":{"1":{"name":"getApp","line":16,"loc":{"start":{"line":16,"column":4},"end":{"line":20,"column":4}}},"2":{"name":"_installApp","line":24,"loc":{"start":{"line":24,"column":4},"end":{"line":48,"column":4}}},"3":{"name":"_removeApp","line":50,"loc":{"start":{"line":50,"column":4},"end":{"line":73,"column":4}}},"4":{"name":"_initializeApps","line":75,"loc":{"start":{"line":75,"column":4},"end":{"line":104,"column":4}}},"5":{"name":null,"line":108,"loc":{"start":{"line":108,"column":4},"end":{"line":135,"column":4}}}},"statementMap":{"1":{"start":{"line":19,"column":8},"end":{"line":19,"column":47}},"2":{"start":{"line":29,"column":8},"end":{"line":29,"column":64}},"3":{"start":{"line":30,"column":8},"end":{"line":30,"column":74}},"4":{"start":{"line":31,"column":8},"end":{"line":31,"column":1005}},"5":{"start":{"line":34,"column":8},"end":{"line":34,"column":67}},"6":{"start":{"line":35,"column":8},"end":{"line":35,"column":53}},"7":{"start":{"line":37,"column":8},"end":{"line":37,"column":79}},"8":{"start":{"line":38,"column":8},"end":{"line":38,"column":1328}},"9":{"start":{"line":44,"column":8},"end":{"line":44,"column":53}},"10":{"start":{"line":46,"column":8},"end":{"line":46,"column":51}},"11":{"start":{"line":47,"column":8},"end":{"line":47,"column":31}},"12":{"start":{"line":55,"column":8},"end":{"line":55,"column":64}},"13":{"start":{"line":56,"column":8},"end":{"line":56,"column":74}},"14":{"start":{"line":57,"column":8},"end":{"line":57,"column":64}},"15":{"start":{"line":58,"column":8},"end":{"line":58,"column":53}},"16":{"start":{"line":60,"column":8},"end":{"line":60,"column":79}},"17":{"start":{"line":61,"column":8},"end":{"line":61,"column":2140}},"18":{"start":{"line":67,"column":8},"end":{"line":67,"column":54}},"19":{"start":{"line":70,"column":8},"end":{"line":70,"column":50}},"20":{"start":{"line":71,"column":8},"end":{"line":71,"column":55}},"21":{"start":{"line":76,"column":8},"end":{"line":76,"column":37}},"22":{"start":{"line":77,"column":8},"end":{"line":77,"column":64}},"23":{"start":{"line":78,"column":8},"end":{"line":78,"column":74}},"24":{"start":{"line":79,"column":8},"end":{"line":79,"column":2864}},"25":{"start":{"line":82,"column":8},"end":{"line":82,"column":2980}},"26":{"start":{"line":85,"column":8},"end":{"line":85,"column":3087}},"27":{"start":{"line":86,"column":12},"end":{"line":86,"column":75}},"28":{"start":{"line":87,"column":12},"end":{"line":87,"column":62}},"29":{"start":{"line":87,"column":34},"end":{"line":87,"column":61}},"30":{"start":{"line":89,"column":12},"end":{"line":89,"column":3282}},"31":{"start":{"line":95,"column":12},"end":{"line":95,"column":57}},"32":{"start":{"line":96,"column":12},"end":{"line":96,"column":39}},"33":{"start":{"line":103,"column":8},"end":{"line":103,"column":55}},"34":{"start":{"line":109,"column":8},"end":{"line":109,"column":44}},"35":{"start":{"line":110,"column":8},"end":{"line":110,"column":62}},"36":{"start":{"line":116,"column":8},"end":{"line":116,"column":60}},"37":{"start":{"line":117,"column":8},"end":{"line":117,"column":71}}},"branchMap":{"1":{"line":35,"type":"if","locations":[{"start":{"line":35,"column":8},"end":{"line":35,"column":8}},{"start":{"line":35,"column":8},"end":{"line":35,"column":8}}]},"2":{"line":58,"type":"if","locations":[{"start":{"line":58,"column":8},"end":{"line":58,"column":8}},{"start":{"line":58,"column":8},"end":{"line":58,"column":8}}]},"3":{"line":87,"type":"if","locations":[{"start":{"line":87,"column":12},"end":{"line":87,"column":12}},{"start":{"line":87,"column":12},"end":{"line":87,"column":12}}]},"4":{"line":117,"type":"if","locations":[{"start":{"line":117,"column":8},"end":{"line":117,"column":8}},{"start":{"line":117,"column":8},"end":{"line":117,"column":8}}]}}},"contracts/diamond/NiftyKitERC721A.sol":{"l":{"18":256,"19":256,"21":256,"29":7,"31":249,"38":710,"39":710,"45":72,"53":13,"62":48,"68":24,"69":24,"76":12,"83":12,"87":2,"91":2,"95":3,"107":4,"108":4,"111":2,"114":2,"126":12,"139":0,"153":79,"167":79,"182":79,"194":13,"195":12,"198":12,"200":8,"201":8,"208":8,"214":15,"218":15,"222":812,"234":0},"path":"/Users/tpae/dev/niftykit/packages/contracts/niftykitv3/contracts/diamond/NiftyKitERC721A.sol","s":{"1":256,"2":256,"3":256,"4":7,"5":710,"6":710,"7":72,"8":13,"9":48,"10":24,"11":12,"12":24,"13":12,"14":12,"15":2,"16":2,"17":3,"18":4,"19":4,"20":2,"21":2,"22":12,"23":0,"24":79,"25":79,"26":79,"27":13,"28":12,"29":12,"30":4,"31":8,"32":8,"33":8,"34":15,"35":15,"36":812,"37":0},"b":{"1":[7,249],"2":[12,12],"3":[2,2],"4":[1,12],"5":[4,8]},"f":{"1":256,"2":710,"3":72,"4":13,"5":48,"6":24,"7":12,"8":12,"9":2,"10":2,"11":3,"12":4,"13":12,"14":0,"15":79,"16":79,"17":79,"18":13,"19":8,"20":15,"21":15,"22":812,"23":0},"fnMap":{"1":{"name":"preventTransfers","line":17,"loc":{"start":{"line":17,"column":4},"end":{"line":32,"column":4}}},"2":{"name":"_initializeERC721A","line":37,"loc":{"start":{"line":34,"column":4},"end":{"line":40,"column":4}}},"3":{"name":"setBaseURI","line":44,"loc":{"start":{"line":42,"column":4},"end":{"line":46,"column":4}}},"4":{"name":"setTokenURI","line":52,"loc":{"start":{"line":48,"column":4},"end":{"line":57,"column":4}}},"5":{"name":"setTransferStatus","line":61,"loc":{"start":{"line":59,"column":4},"end":{"line":63,"column":4}}},"6":{"name":"setOperatorFilteringEnabled","line":67,"loc":{"start":{"line":65,"column":4},"end":{"line":70,"column":4}}},"7":{"name":"setAllowedOperator","line":75,"loc":{"start":{"line":72,"column":4},"end":{"line":77,"column":4}}},"8":{"name":"setBlockedTokenId","line":82,"loc":{"start":{"line":79,"column":4},"end":{"line":84,"column":4}}},"9":{"name":"isAllowedOperator","line":86,"loc":{"start":{"line":86,"column":4},"end":{"line":88,"column":4}}},"10":{"name":"isBlockedTokenId","line":90,"loc":{"start":{"line":90,"column":4},"end":{"line":92,"column":4}}},"11":{"name":"operatorFilteringEnabled","line":94,"loc":{"start":{"line":94,"column":4},"end":{"line":96,"column":4}}},"12":{"name":"isApprovedForAll","line":98,"loc":{"start":{"line":98,"column":4},"end":{"line":115,"column":4}}},"13":{"name":"setApprovalForAll","line":124,"loc":{"start":{"line":117,"column":4},"end":{"line":127,"column":4}}},"14":{"name":"approve","line":137,"loc":{"start":{"line":129,"column":4},"end":{"line":140,"column":4}}},"15":{"name":"transferFrom","line":151,"loc":{"start":{"line":142,"column":4},"end":{"line":154,"column":4}}},"16":{"name":"safeTransferFrom","line":165,"loc":{"start":{"line":156,"column":4},"end":{"line":168,"column":4}}},"17":{"name":"safeTransferFrom","line":180,"loc":{"start":{"line":170,"column":4},"end":{"line":183,"column":4}}},"18":{"name":"tokenURI","line":185,"loc":{"start":{"line":185,"column":4},"end":{"line":205,"column":4}}},"19":{"name":"_baseURI","line":207,"loc":{"start":{"line":207,"column":4},"end":{"line":209,"column":4}}},"20":{"name":"_isPriorityOperator","line":211,"loc":{"start":{"line":211,"column":4},"end":{"line":215,"column":4}}},"21":{"name":"_operatorFilteringEnabled","line":217,"loc":{"start":{"line":217,"column":4},"end":{"line":219,"column":4}}},"22":{"name":"_startTokenId","line":221,"loc":{"start":{"line":221,"column":4},"end":{"line":223,"column":4}}},"23":{"name":"supportsInterface","line":225,"loc":{"start":{"line":225,"column":4},"end":{"line":235,"column":4}}}},"statementMap":{"1":{"start":{"line":18,"column":8},"end":{"line":18,"column":64}},"2":{"start":{"line":19,"column":8},"end":{"line":19,"column":60}},"3":{"start":{"line":21,"column":8},"end":{"line":21,"column":868}},"4":{"start":{"line":29,"column":12},"end":{"line":29,"column":42}},"5":{"start":{"line":38,"column":8},"end":{"line":38,"column":35}},"6":{"start":{"line":39,"column":8},"end":{"line":39,"column":32}},"7":{"start":{"line":45,"column":8},"end":{"line":45,"column":49}},"8":{"start":{"line":53,"column":8},"end":{"line":53,"column":1841}},"9":{"start":{"line":62,"column":8},"end":{"line":62,"column":52}},"10":{"start":{"line":68,"column":8},"end":{"line":68,"column":54}},"11":{"start":{"line":68,"column":23},"end":{"line":68,"column":53}},"12":{"start":{"line":69,"column":8},"end":{"line":69,"column":65}},"13":{"start":{"line":76,"column":8},"end":{"line":76,"column":67}},"14":{"start":{"line":83,"column":8},"end":{"line":83,"column":65}},"15":{"start":{"line":87,"column":8},"end":{"line":87,"column":63}},"16":{"start":{"line":91,"column":8},"end":{"line":91,"column":61}},"17":{"start":{"line":95,"column":8},"end":{"line":95,"column":61}},"18":{"start":{"line":107,"column":8},"end":{"line":107,"column":64}},"19":{"start":{"line":108,"column":8},"end":{"line":108,"column":3563}},"20":{"start":{"line":111,"column":12},"end":{"line":111,"column":53}},"21":{"start":{"line":114,"column":8},"end":{"line":114,"column":54}},"22":{"start":{"line":126,"column":8},"end":{"line":126,"column":50}},"23":{"start":{"line":139,"column":8},"end":{"line":139,"column":39}},"24":{"start":{"line":153,"column":8},"end":{"line":153,"column":44}},"25":{"start":{"line":167,"column":8},"end":{"line":167,"column":48}},"26":{"start":{"line":182,"column":8},"end":{"line":182,"column":54}},"27":{"start":{"line":194,"column":8},"end":{"line":194,"column":67}},"28":{"start":{"line":195,"column":8},"end":{"line":195,"column":5696}},"29":{"start":{"line":198,"column":8},"end":{"line":198,"column":44}},"30":{"start":{"line":198,"column":25},"end":{"line":198,"column":44}},"31":{"start":{"line":200,"column":8},"end":{"line":200,"column":42}},"32":{"start":{"line":201,"column":8},"end":{"line":201,"column":5904}},"33":{"start":{"line":208,"column":8},"end":{"line":208,"column":44}},"34":{"start":{"line":214,"column":8},"end":{"line":214,"column":63}},"35":{"start":{"line":218,"column":8},"end":{"line":218,"column":61}},"36":{"start":{"line":222,"column":8},"end":{"line":222,"column":16}},"37":{"start":{"line":234,"column":8},"end":{"line":234,"column":51}}},"branchMap":{"1":{"line":21,"type":"if","locations":[{"start":{"line":21,"column":8},"end":{"line":21,"column":8}},{"start":{"line":21,"column":8},"end":{"line":21,"column":8}}]},"2":{"line":68,"type":"if","locations":[{"start":{"line":68,"column":8},"end":{"line":68,"column":8}},{"start":{"line":68,"column":8},"end":{"line":68,"column":8}}]},"3":{"line":108,"type":"if","locations":[{"start":{"line":108,"column":8},"end":{"line":108,"column":8}},{"start":{"line":108,"column":8},"end":{"line":108,"column":8}}]},"4":{"line":194,"type":"if","locations":[{"start":{"line":194,"column":8},"end":{"line":194,"column":8}},{"start":{"line":194,"column":8},"end":{"line":194,"column":8}}]},"5":{"line":198,"type":"if","locations":[{"start":{"line":198,"column":8},"end":{"line":198,"column":8}},{"start":{"line":198,"column":8},"end":{"line":198,"column":8}}]}}},"contracts/interfaces/IDiamond.sol":{"l":{},"path":"/Users/tpae/dev/niftykit/packages/contracts/niftykitv3/contracts/interfaces/IDiamond.sol","s":{},"b":{},"f":{},"fnMap":{},"statementMap":{},"branchMap":{}},"contracts/interfaces/IDiamondCollection.sol":{"l":{},"path":"/Users/tpae/dev/niftykit/packages/contracts/niftykitv3/contracts/interfaces/IDiamondCollection.sol","s":{},"b":{},"f":{},"fnMap":{},"statementMap":{},"branchMap":{}},"contracts/interfaces/IDiamondCut.sol":{"l":{},"path":"/Users/tpae/dev/niftykit/packages/contracts/niftykitv3/contracts/interfaces/IDiamondCut.sol","s":{},"b":{},"f":{},"fnMap":{},"statementMap":{},"branchMap":{}},"contracts/interfaces/IDiamondLoupe.sol":{"l":{},"path":"/Users/tpae/dev/niftykit/packages/contracts/niftykitv3/contracts/interfaces/IDiamondLoupe.sol","s":{},"b":{},"f":{},"fnMap":{},"statementMap":{},"branchMap":{}},"contracts/interfaces/IDropKitPass.sol":{"l":{},"path":"/Users/tpae/dev/niftykit/packages/contracts/niftykitv3/contracts/interfaces/IDropKitPass.sol","s":{},"b":{},"f":{},"fnMap":{},"statementMap":{},"branchMap":{}},"contracts/interfaces/IERC165.sol":{"l":{},"path":"/Users/tpae/dev/niftykit/packages/contracts/niftykitv3/contracts/interfaces/IERC165.sol","s":{},"b":{},"f":{},"fnMap":{},"statementMap":{},"branchMap":{}},"contracts/interfaces/INiftyKitAppRegistry.sol":{"l":{},"path":"/Users/tpae/dev/niftykit/packages/contracts/niftykitv3/contracts/interfaces/INiftyKitAppRegistry.sol","s":{},"b":{},"f":{},"fnMap":{},"statementMap":{},"branchMap":{}},"contracts/interfaces/INiftyKitDiamond.sol":{"l":{},"path":"/Users/tpae/dev/niftykit/packages/contracts/niftykitv3/contracts/interfaces/INiftyKitDiamond.sol","s":{},"b":{},"f":{},"fnMap":{},"statementMap":{},"branchMap":{}},"contracts/interfaces/INiftyKitV3.sol":{"l":{},"path":"/Users/tpae/dev/niftykit/packages/contracts/niftykitv3/contracts/interfaces/INiftyKitV3.sol","s":{},"b":{},"f":{},"fnMap":{},"statementMap":{},"branchMap":{}},"contracts/internals/InternalERC721AUpgradeable.sol":{"l":{"142":0,"149":0,"150":0,"151":0,"163":222,"170":0,"176":222,"177":222,"190":0,"191":0,"199":0,"210":0,"219":0,"228":428,"239":208,"240":208,"242":208,"245":208,"248":208,"260":0,"275":0,"288":0,"300":0,"310":0,"311":0,"325":0,"326":0,"328":0,"330":0,"331":0,"332":0,"346":0,"347":0,"348":0,"352":0,"353":0,"359":0,"362":0,"373":0,"374":0,"375":0,"376":0,"387":339,"407":339,"428":0,"439":0,"455":0,"473":0,"477":0,"549":0,"557":0,"563":0,"564":0,"570":0,"591":339,"592":339,"593":0,"595":339,"600":339,"606":339,"619":337,"624":328,"626":328,"627":0,"629":328,"630":328,"632":328,"648":318,"650":278,"675":0,"676":0,"677":0,"678":0,"679":0,"680":0,"681":0,"685":0,"688":0,"694":0,"703":0,"711":0,"718":0,"720":0,"741":78,"743":68,"744":68,"745":0,"746":0,"747":0,"764":0,"765":0,"774":78,"785":0,"806":0,"808":0,"809":0,"810":0,"817":0,"818":0,"829":0,"843":0,"845":0,"847":0,"852":0,"854":0,"861":0,"862":0,"869":0,"872":0,"882":0,"889":0,"898":0,"907":0,"908":0,"910":0,"914":0,"916":0,"924":0,"925":0,"928":0,"929":0,"941":0,"942":0,"943":0,"946":0,"948":0,"951":0,"954":0,"986":339,"987":339,"1000":0,"1012":0,"1054":0},"path":"/Users/tpae/dev/niftykit/packages/contracts/niftykitv3/contracts/internals/InternalERC721AUpgradeable.sol","s":{"1":0,"2":0,"3":0,"4":0,"5":222,"6":0,"7":222,"8":0,"9":0,"10":0,"11":0,"12":428,"13":208,"14":208,"15":208,"16":208,"17":0,"18":0,"19":0,"20":0,"21":0,"22":0,"23":0,"24":0,"25":0,"26":0,"27":0,"28":0,"29":0,"30":0,"31":0,"32":0,"33":0,"34":0,"35":0,"36":0,"37":0,"38":0,"39":0,"40":0,"41":0,"42":0,"43":0,"44":0,"45":0,"46":339,"47":339,"48":0,"49":339,"50":339,"51":337,"52":328,"53":328,"54":0,"55":328,"56":328,"57":318,"58":277,"59":0,"60":0,"61":0,"62":0,"63":0,"64":0,"65":0,"66":0,"67":0,"68":0,"69":0,"70":0,"71":0,"72":78,"73":68,"74":0,"75":0,"76":0,"77":0,"78":78,"79":0,"80":0,"81":0,"82":0,"83":0,"84":0,"85":0,"86":0,"87":0,"88":0,"89":0,"90":0,"91":0,"92":0,"93":0,"94":0,"95":0,"96":0,"97":0,"98":0,"99":0,"100":0,"101":0,"102":0,"103":0,"104":0,"105":0,"106":0,"107":0,"108":0,"109":0,"110":339,"111":339,"112":0},"b":{"1":[0,0],"2":[0,0],"3":[0,0],"4":[0,0],"5":[0,0],"6":[0,0],"7":[0,0],"8":[0,339],"9":[0,328],"10":[0,0],"11":[0,0],"12":[0,0],"13":[0,66],"14":[0,0],"15":[0,0],"16":[0,0],"17":[0,0],"18":[0,0],"19":[0,0],"20":[0,0],"21":[0,0],"22":[0,0],"23":[0,0]},"f":{"1":0,"2":0,"3":222,"4":0,"5":222,"6":0,"7":0,"8":0,"9":0,"10":428,"11":208,"12":0,"13":0,"14":0,"15":0,"16":0,"17":0,"18":0,"19":339,"20":339,"21":0,"22":0,"23":0,"24":0,"25":339,"26":272,"27":0,"28":339,"29":0,"30":78,"31":78,"32":0,"33":0,"34":0,"35":0,"36":0,"37":339,"38":339,"39":0,"40":0,"41":0},"fnMap":{"1":{"name":"__ERC721A_init","line":140,"loc":{"start":{"line":138,"column":4},"end":{"line":143,"column":4}}},"2":{"name":"__ERC721A_init_unchained","line":148,"loc":{"start":{"line":145,"column":4},"end":{"line":152,"column":4}}},"3":{"name":"_startTokenId","line":162,"loc":{"start":{"line":162,"column":4},"end":{"line":164,"column":4}}},"4":{"name":"_nextTokenId","line":169,"loc":{"start":{"line":169,"column":4},"end":{"line":171,"column":4}}},"5":{"name":"_totalSupply","line":173,"loc":{"start":{"line":173,"column":4},"end":{"line":182,"column":4}}},"6":{"name":"_totalMinted","line":187,"loc":{"start":{"line":187,"column":4},"end":{"line":193,"column":4}}},"7":{"name":"_totalBurned","line":198,"loc":{"start":{"line":198,"column":4},"end":{"line":200,"column":4}}},"8":{"name":"_numberMinted","line":209,"loc":{"start":{"line":209,"column":4},"end":{"line":213,"column":4}}},"9":{"name":"_numberBurned","line":218,"loc":{"start":{"line":218,"column":4},"end":{"line":222,"column":4}}},"10":{"name":"_getAux","line":227,"loc":{"start":{"line":227,"column":4},"end":{"line":232,"column":4}}},"11":{"name":"_setAux","line":238,"loc":{"start":{"line":238,"column":4},"end":{"line":249,"column":4}}},"12":{"name":"_baseURI","line":259,"loc":{"start":{"line":259,"column":4},"end":{"line":261,"column":4}}},"13":{"name":"_ownerOf","line":274,"loc":{"start":{"line":274,"column":4},"end":{"line":276,"column":4}}},"14":{"name":"_ownershipOf","line":282,"loc":{"start":{"line":282,"column":4},"end":{"line":289,"column":4}}},"15":{"name":"_ownershipAt","line":294,"loc":{"start":{"line":294,"column":4},"end":{"line":304,"column":4}}},"16":{"name":"_initializeOwnershipAt","line":309,"loc":{"start":{"line":309,"column":4},"end":{"line":315,"column":4}}},"17":{"name":"_packedOwnershipOf","line":320,"loc":{"start":{"line":320,"column":4},"end":{"line":363,"column":4}}},"18":{"name":"_unpackedOwnership","line":368,"loc":{"start":{"line":368,"column":4},"end":{"line":377,"column":4}}},"19":{"name":"_packOwnershipData","line":382,"loc":{"start":{"line":382,"column":4},"end":{"line":396,"column":4}}},"20":{"name":"_nextInitializedFlag","line":401,"loc":{"start":{"line":401,"column":4},"end":{"line":411,"column":4}}},"21":{"name":"_isApprovedForAll","line":422,"loc":{"start":{"line":422,"column":4},"end":{"line":429,"column":4}}},"22":{"name":"_exists","line":438,"loc":{"start":{"line":438,"column":4},"end":{"line":445,"column":4}}},"23":{"name":"_isSenderApprovedOrOwner","line":450,"loc":{"start":{"line":450,"column":4},"end":{"line":463,"column":4}}},"24":{"name":"_getApprovedSlotAndAddress","line":468,"loc":{"start":{"line":468,"column":4},"end":{"line":481,"column":4}}},"25":{"name":"_beforeTokenTransfers","line":503,"loc":{"start":{"line":503,"column":4},"end":{"line":508,"column":24}}},"26":{"name":"_afterTokenTransfers","line":526,"loc":{"start":{"line":526,"column":4},"end":{"line":531,"column":24}}},"27":{"name":"_checkContractOnERC721Received","line":543,"loc":{"start":{"line":543,"column":4},"end":{"line":574,"column":4}}},"28":{"name":"_mint","line":590,"loc":{"start":{"line":590,"column":4},"end":{"line":651,"column":4}}},"29":{"name":"_mintERC2309","line":674,"loc":{"start":{"line":674,"column":4},"end":{"line":721,"column":4}}},"30":{"name":"_safeMint","line":736,"loc":{"start":{"line":736,"column":4},"end":{"line":768,"column":4}}},"31":{"name":"_safeMint","line":773,"loc":{"start":{"line":773,"column":4},"end":{"line":775,"column":4}}},"32":{"name":"_approve","line":784,"loc":{"start":{"line":784,"column":4},"end":{"line":786,"column":4}}},"33":{"name":"_approve","line":801,"loc":{"start":{"line":801,"column":4},"end":{"line":819,"column":4}}},"34":{"name":"_burn","line":828,"loc":{"start":{"line":828,"column":4},"end":{"line":830,"column":4}}},"35":{"name":"_burn","line":842,"loc":{"start":{"line":842,"column":4},"end":{"line":931,"column":4}}},"36":{"name":"_setExtraDataAt","line":940,"loc":{"start":{"line":940,"column":4},"end":{"line":955,"column":4}}},"37":{"name":"_extraData","line":971,"loc":{"start":{"line":971,"column":4},"end":{"line":975,"column":46}}},"38":{"name":"_nextExtraData","line":981,"loc":{"start":{"line":981,"column":4},"end":{"line":988,"column":4}}},"39":{"name":"_msgSenderERC721A","line":999,"loc":{"start":{"line":999,"column":4},"end":{"line":1001,"column":4}}},"40":{"name":"_toString","line":1006,"loc":{"start":{"line":1006,"column":4},"end":{"line":1048,"column":4}}},"41":{"name":"_revert","line":1053,"loc":{"start":{"line":1053,"column":4},"end":{"line":1058,"column":4}}}},"statementMap":{"1":{"start":{"line":142,"column":8},"end":{"line":142,"column":47}},"2":{"start":{"line":149,"column":8},"end":{"line":149,"column":44}},"3":{"start":{"line":150,"column":8},"end":{"line":150,"column":48}},"4":{"start":{"line":151,"column":8},"end":{"line":151,"column":62}},"5":{"start":{"line":163,"column":8},"end":{"line":163,"column":16}},"6":{"start":{"line":170,"column":8},"end":{"line":170,"column":52}},"7":{"start":{"line":177,"column":12},"end":{"line":177,"column":6258}},"8":{"start":{"line":191,"column":12},"end":{"line":191,"column":74}},"9":{"start":{"line":199,"column":8},"end":{"line":199,"column":51}},"10":{"start":{"line":210,"column":8},"end":{"line":210,"column":7415}},"11":{"start":{"line":219,"column":8},"end":{"line":219,"column":7736}},"12":{"start":{"line":228,"column":8},"end":{"line":228,"column":8015}},"13":{"start":{"line":239,"column":8},"end":{"line":239,"column":74}},"14":{"start":{"line":240,"column":8},"end":{"line":240,"column":25}},"15":{"start":{"line":245,"column":8},"end":{"line":245,"column":8645}},"16":{"start":{"line":248,"column":8},"end":{"line":248,"column":65}},"17":{"start":{"line":260,"column":8},"end":{"line":260,"column":17}},"18":{"start":{"line":275,"column":8},"end":{"line":275,"column":60}},"19":{"start":{"line":288,"column":8},"end":{"line":288,"column":62}},"20":{"start":{"line":300,"column":8},"end":{"line":300,"column":10438}},"21":{"start":{"line":310,"column":8},"end":{"line":310,"column":10739}},"22":{"start":{"line":311,"column":12},"end":{"line":311,"column":10844}},"23":{"start":{"line":325,"column":8},"end":{"line":325,"column":11133}},"24":{"start":{"line":326,"column":12},"end":{"line":326,"column":70}},"25":{"start":{"line":328,"column":12},"end":{"line":328,"column":11286}},"26":{"start":{"line":330,"column":16},"end":{"line":330,"column":11427}},"27":{"start":{"line":331,"column":20},"end":{"line":331,"column":11475}},"28":{"start":{"line":332,"column":24},"end":{"line":332,"column":11552}},"29":{"start":{"line":346,"column":20},"end":{"line":346,"column":12322}},"30":{"start":{"line":348,"column":28},"end":{"line":348,"column":12405}},"31":{"start":{"line":352,"column":24},"end":{"line":352,"column":49}},"32":{"start":{"line":353,"column":24},"end":{"line":353,"column":37}},"33":{"start":{"line":359,"column":16},"end":{"line":359,"column":29}},"34":{"start":{"line":362,"column":8},"end":{"line":362,"column":74}},"35":{"start":{"line":373,"column":8},"end":{"line":373,"column":48}},"36":{"start":{"line":374,"column":8},"end":{"line":374,"column":75}},"37":{"start":{"line":375,"column":8},"end":{"line":375,"column":55}},"38":{"start":{"line":376,"column":8},"end":{"line":376,"column":65}},"39":{"start":{"line":428,"column":8},"end":{"line":428,"column":74}},"40":{"start":{"line":439,"column":8},"end":{"line":439,"column":15485}},"41":{"start":{"line":473,"column":8},"end":{"line":473,"column":16806}},"42":{"start":{"line":549,"column":8},"end":{"line":549,"column":19536}},"43":{"start":{"line":557,"column":12},"end":{"line":557,"column":19797}},"44":{"start":{"line":563,"column":12},"end":{"line":563,"column":19990}},"45":{"start":{"line":564,"column":16},"end":{"line":564,"column":20036}},"46":{"start":{"line":591,"column":8},"end":{"line":591,"column":68}},"47":{"start":{"line":592,"column":8},"end":{"line":592,"column":20961}},"48":{"start":{"line":593,"column":12},"end":{"line":593,"column":65}},"49":{"start":{"line":595,"column":8},"end":{"line":595,"column":68}},"50":{"start":{"line":606,"column":12},"end":{"line":606,"column":21492}},"51":{"start":{"line":619,"column":12},"end":{"line":619,"column":21984}},"52":{"start":{"line":624,"column":12},"end":{"line":624,"column":70}},"53":{"start":{"line":626,"column":12},"end":{"line":626,"column":22314}},"54":{"start":{"line":627,"column":16},"end":{"line":627,"column":70}},"55":{"start":{"line":629,"column":12},"end":{"line":629,"column":49}},"56":{"start":{"line":630,"column":12},"end":{"line":630,"column":42}},"57":{"start":{"line":648,"column":12},"end":{"line":648,"column":54}},"58":{"start":{"line":650,"column":8},"end":{"line":650,"column":67}},"59":{"start":{"line":675,"column":8},"end":{"line":675,"column":68}},"60":{"start":{"line":676,"column":8},"end":{"line":676,"column":24306}},"61":{"start":{"line":677,"column":12},"end":{"line":677,"column":66}},"62":{"start":{"line":678,"column":8},"end":{"line":678,"column":24404}},"63":{"start":{"line":679,"column":12},"end":{"line":679,"column":65}},"64":{"start":{"line":680,"column":8},"end":{"line":680,"column":24446}},"65":{"start":{"line":681,"column":12},"end":{"line":681,"column":24506}},"66":{"start":{"line":685,"column":8},"end":{"line":685,"column":68}},"67":{"start":{"line":694,"column":12},"end":{"line":694,"column":25043}},"68":{"start":{"line":703,"column":12},"end":{"line":703,"column":25369}},"69":{"start":{"line":711,"column":12},"end":{"line":711,"column":25629}},"70":{"start":{"line":718,"column":12},"end":{"line":718,"column":74}},"71":{"start":{"line":720,"column":8},"end":{"line":720,"column":67}},"72":{"start":{"line":741,"column":8},"end":{"line":741,"column":26}},"73":{"start":{"line":744,"column":12},"end":{"line":744,"column":26533}},"74":{"start":{"line":745,"column":16},"end":{"line":745,"column":67}},"75":{"start":{"line":746,"column":16},"end":{"line":746,"column":46}},"76":{"start":{"line":764,"column":16},"end":{"line":764,"column":27340}},"77":{"start":{"line":765,"column":20},"end":{"line":765,"column":37}},"78":{"start":{"line":774,"column":8},"end":{"line":774,"column":34}},"79":{"start":{"line":785,"column":8},"end":{"line":785,"column":35}},"80":{"start":{"line":806,"column":8},"end":{"line":806,"column":41}},"81":{"start":{"line":808,"column":8},"end":{"line":808,"column":28570}},"82":{"start":{"line":809,"column":12},"end":{"line":809,"column":28633}},"83":{"start":{"line":810,"column":16},"end":{"line":810,"column":28707}},"84":{"start":{"line":817,"column":8},"end":{"line":817,"column":66}},"85":{"start":{"line":818,"column":8},"end":{"line":818,"column":41}},"86":{"start":{"line":829,"column":8},"end":{"line":829,"column":28}},"87":{"start":{"line":843,"column":8},"end":{"line":843,"column":65}},"88":{"start":{"line":845,"column":8},"end":{"line":845,"column":60}},"89":{"start":{"line":847,"column":8},"end":{"line":847,"column":29803}},"90":{"start":{"line":852,"column":8},"end":{"line":852,"column":29901}},"91":{"start":{"line":854,"column":12},"end":{"line":854,"column":30032}},"92":{"start":{"line":861,"column":16},"end":{"line":861,"column":30231}},"93":{"start":{"line":862,"column":20},"end":{"line":862,"column":30301}},"94":{"start":{"line":869,"column":8},"end":{"line":869,"column":58}},"95":{"start":{"line":889,"column":12},"end":{"line":889,"column":31376}},"96":{"start":{"line":898,"column":12},"end":{"line":898,"column":31719}},"97":{"start":{"line":907,"column":12},"end":{"line":907,"column":32108}},"98":{"start":{"line":908,"column":16},"end":{"line":908,"column":49}},"99":{"start":{"line":910,"column":16},"end":{"line":910,"column":32337}},"100":{"start":{"line":914,"column":20},"end":{"line":914,"column":32524}},"101":{"start":{"line":916,"column":24},"end":{"line":916,"column":32742}},"102":{"start":{"line":924,"column":8},"end":{"line":924,"column":48}},"103":{"start":{"line":925,"column":8},"end":{"line":925,"column":57}},"104":{"start":{"line":941,"column":8},"end":{"line":941,"column":73}},"105":{"start":{"line":942,"column":8},"end":{"line":942,"column":33639}},"106":{"start":{"line":943,"column":12},"end":{"line":943,"column":33667}},"107":{"start":{"line":946,"column":8},"end":{"line":946,"column":31}},"108":{"start":{"line":951,"column":8},"end":{"line":951,"column":33991}},"109":{"start":{"line":954,"column":8},"end":{"line":954,"column":64}},"110":{"start":{"line":986,"column":8},"end":{"line":986,"column":76}},"111":{"start":{"line":987,"column":8},"end":{"line":987,"column":77}},"112":{"start":{"line":1000,"column":8},"end":{"line":1000,"column":25}}},"branchMap":{"1":{"line":310,"type":"if","locations":[{"start":{"line":310,"column":8},"end":{"line":310,"column":8}},{"start":{"line":310,"column":8},"end":{"line":310,"column":8}}]},"2":{"line":325,"type":"if","locations":[{"start":{"line":325,"column":8},"end":{"line":325,"column":8}},{"start":{"line":325,"column":8},"end":{"line":325,"column":8}}]},"3":{"line":328,"type":"if","locations":[{"start":{"line":328,"column":12},"end":{"line":328,"column":12}},{"start":{"line":328,"column":12},"end":{"line":328,"column":12}}]},"4":{"line":330,"type":"if","locations":[{"start":{"line":330,"column":16},"end":{"line":330,"column":16}},{"start":{"line":330,"column":16},"end":{"line":330,"column":16}}]},"5":{"line":331,"type":"if","locations":[{"start":{"line":331,"column":20},"end":{"line":331,"column":20}},{"start":{"line":331,"column":20},"end":{"line":331,"column":20}}]},"6":{"line":352,"type":"if","locations":[{"start":{"line":352,"column":24},"end":{"line":352,"column":24}},{"start":{"line":352,"column":24},"end":{"line":352,"column":24}}]},"7":{"line":563,"type":"if","locations":[{"start":{"line":563,"column":12},"end":{"line":563,"column":12}},{"start":{"line":563,"column":12},"end":{"line":563,"column":12}}]},"8":{"line":592,"type":"if","locations":[{"start":{"line":592,"column":8},"end":{"line":592,"column":8}},{"start":{"line":592,"column":8},"end":{"line":592,"column":8}}]},"9":{"line":626,"type":"if","locations":[{"start":{"line":626,"column":12},"end":{"line":626,"column":12}},{"start":{"line":626,"column":12},"end":{"line":626,"column":12}}]},"10":{"line":676,"type":"if","locations":[{"start":{"line":676,"column":8},"end":{"line":676,"column":8}},{"start":{"line":676,"column":8},"end":{"line":676,"column":8}}]},"11":{"line":678,"type":"if","locations":[{"start":{"line":678,"column":8},"end":{"line":678,"column":8}},{"start":{"line":678,"column":8},"end":{"line":678,"column":8}}]},"12":{"line":680,"type":"if","locations":[{"start":{"line":680,"column":8},"end":{"line":680,"column":8}},{"start":{"line":680,"column":8},"end":{"line":680,"column":8}}]},"13":{"line":744,"type":"if","locations":[{"start":{"line":744,"column":12},"end":{"line":744,"column":12}},{"start":{"line":744,"column":12},"end":{"line":744,"column":12}}]},"14":{"line":764,"type":"if","locations":[{"start":{"line":764,"column":16},"end":{"line":764,"column":16}},{"start":{"line":764,"column":16},"end":{"line":764,"column":16}}]},"15":{"line":808,"type":"if","locations":[{"start":{"line":808,"column":8},"end":{"line":808,"column":8}},{"start":{"line":808,"column":8},"end":{"line":808,"column":8}}]},"16":{"line":809,"type":"if","locations":[{"start":{"line":809,"column":12},"end":{"line":809,"column":12}},{"start":{"line":809,"column":12},"end":{"line":809,"column":12}}]},"17":{"line":852,"type":"if","locations":[{"start":{"line":852,"column":8},"end":{"line":852,"column":8}},{"start":{"line":852,"column":8},"end":{"line":852,"column":8}}]},"18":{"line":854,"type":"if","locations":[{"start":{"line":854,"column":12},"end":{"line":854,"column":12}},{"start":{"line":854,"column":12},"end":{"line":854,"column":12}}]},"19":{"line":861,"type":"if","locations":[{"start":{"line":861,"column":16},"end":{"line":861,"column":16}},{"start":{"line":861,"column":16},"end":{"line":861,"column":16}}]},"20":{"line":907,"type":"if","locations":[{"start":{"line":907,"column":12},"end":{"line":907,"column":12}},{"start":{"line":907,"column":12},"end":{"line":907,"column":12}}]},"21":{"line":910,"type":"if","locations":[{"start":{"line":910,"column":16},"end":{"line":910,"column":16}},{"start":{"line":910,"column":16},"end":{"line":910,"column":16}}]},"22":{"line":914,"type":"if","locations":[{"start":{"line":914,"column":20},"end":{"line":914,"column":20}},{"start":{"line":914,"column":20},"end":{"line":914,"column":20}}]},"23":{"line":942,"type":"if","locations":[{"start":{"line":942,"column":8},"end":{"line":942,"column":8}},{"start":{"line":942,"column":8},"end":{"line":942,"column":8}}]}}},"contracts/internals/InternalOwnable.sol":{"l":{"92":0,"105":0,"119":272,"134":272,"135":272},"path":"/Users/tpae/dev/niftykit/packages/contracts/niftykitv3/contracts/internals/InternalOwnable.sol","s":{"1":272},"b":{},"f":{"1":0,"2":0,"3":272,"4":272},"fnMap":{"1":{"name":"_initializeOwner","line":90,"loc":{"start":{"line":90,"column":4},"end":{"line":100,"column":4}}},"2":{"name":"_setOwner","line":103,"loc":{"start":{"line":103,"column":4},"end":{"line":114,"column":4}}},"3":{"name":"_checkOwner","line":117,"loc":{"start":{"line":117,"column":4},"end":{"line":126,"column":4}}},"4":{"name":"onlyOwner","line":133,"loc":{"start":{"line":133,"column":4},"end":{"line":136,"column":4}}}},"statementMap":{"1":{"start":{"line":134,"column":8},"end":{"line":134,"column":20}}},"branchMap":{}},"contracts/internals/InternalOwnableRoles.sol":{"l":{"54":0,"72":0,"92":0,"110":0,"132":830,"155":0,"156":0,"162":0,"163":0,"169":830,"170":830},"path":"/Users/tpae/dev/niftykit/packages/contracts/niftykitv3/contracts/internals/InternalOwnableRoles.sol","s":{"1":0,"2":0,"3":830},"b":{},"f":{"1":0,"2":0,"3":0,"4":0,"5":830,"6":0,"7":0,"8":830},"fnMap":{"1":{"name":"_grantRoles","line":52,"loc":{"start":{"line":52,"column":4},"end":{"line":66,"column":4}}},"2":{"name":"_removeRoles","line":70,"loc":{"start":{"line":70,"column":4},"end":{"line":87,"column":4}}},"3":{"name":"_checkRoles","line":90,"loc":{"start":{"line":90,"column":4},"end":{"line":103,"column":4}}},"4":{"name":"_checkOwnerOrRoles","line":108,"loc":{"start":{"line":108,"column":4},"end":{"line":125,"column":4}}},"5":{"name":"_checkRolesOrOwner","line":130,"loc":{"start":{"line":130,"column":4},"end":{"line":147,"column":4}}},"6":{"name":"onlyRoles","line":154,"loc":{"start":{"line":154,"column":4},"end":{"line":157,"column":4}}},"7":{"name":"onlyOwnerOrRoles","line":161,"loc":{"start":{"line":161,"column":4},"end":{"line":164,"column":4}}},"8":{"name":"onlyRolesOrOwner","line":168,"loc":{"start":{"line":168,"column":4},"end":{"line":171,"column":4}}}},"statementMap":{"1":{"start":{"line":155,"column":8},"end":{"line":155,"column":25}},"2":{"start":{"line":162,"column":8},"end":{"line":162,"column":32}},"3":{"start":{"line":169,"column":8},"end":{"line":169,"column":32}}},"branchMap":{}},"contracts/libraries/LibDiamond.sol":{"l":{"36":2922,"37":2922,"45":0,"46":0,"47":0,"48":0,"52":0,"56":0,"75":970,"76":970,"77":970,"78":970,"81":970,"84":272,"87":970,"88":982,"96":978,"97":978,"100":966,"101":966,"105":966,"107":775,"109":966,"110":966,"120":982,"121":982,"122":982,"123":933,"124":933,"125":10725,"126":10725,"127":10725,"129":10725,"132":10725,"134":10725,"136":10725,"138":1085,"139":1085,"141":10725,"143":10725,"144":10725,"148":0,"149":0,"150":0,"151":0,"152":0,"154":0,"155":0,"156":0,"158":0,"160":0,"161":0,"165":49,"167":49,"169":49,"170":49,"171":283,"173":49,"174":49,"175":49,"177":234,"179":283,"180":283,"181":283,"183":283,"184":283,"185":283,"186":283,"188":283,"192":283,"193":283,"195":137,"197":283,"198":279,"200":279,"203":279,"205":279,"206":63,"208":63,"212":63,"215":216,"219":279,"220":47,"221":47,"224":279,"225":279,"228":45,"230":0,"232":978,"236":1015,"237":756,"239":259,"240":259,"241":259,"242":0,"245":0,"250":0,"256":1192,"257":1192,"260":1192},"path":"/Users/tpae/dev/niftykit/packages/contracts/niftykitv3/contracts/libraries/LibDiamond.sol","s":{"1":2922,"2":0,"3":0,"4":0,"5":0,"6":0,"7":0,"8":970,"9":970,"10":970,"11":970,"12":970,"13":272,"14":970,"15":982,"16":966,"17":966,"18":966,"19":775,"20":966,"21":966,"22":982,"23":982,"24":982,"25":933,"26":933,"27":10725,"28":10725,"29":10725,"30":10725,"31":10725,"32":10725,"33":10725,"34":1085,"35":1085,"36":49,"37":0,"38":0,"39":0,"40":0,"41":0,"42":0,"43":0,"44":0,"45":0,"46":49,"47":49,"48":49,"49":49,"50":49,"51":283,"52":49,"53":49,"54":283,"55":283,"56":283,"57":283,"58":283,"59":283,"60":283,"61":283,"62":283,"63":137,"64":279,"65":279,"66":279,"67":279,"68":63,"69":63,"70":63,"71":216,"72":279,"73":47,"74":45,"75":0,"76":978,"77":1015,"78":756,"79":259,"80":259,"81":259,"82":0,"83":1192,"84":1192},"b":{"1":[0,0],"2":[272,698],"3":[966,0],"4":[775,191],"5":[982,0],"6":[933,49],"7":[10725,0],"8":[1085,9640],"9":[0,49],"10":[0,0],"11":[0,0],"12":[0,0],"13":[49,0],"14":[49,0],"15":[49,234],"16":[283,0],"17":[283,0],"18":[137,146],"19":[63,216],"20":[47,232],"21":[756,259],"22":[0,259],"23":[0,0],"24":[1192,0]},"f":{"1":2922,"2":0,"3":0,"4":0,"5":970,"6":982,"7":1015,"8":1192},"fnMap":{"1":{"name":"diamondStorage","line":35,"loc":{"start":{"line":35,"column":4},"end":{"line":40,"column":4}}},"2":{"name":"setContractOwner","line":44,"loc":{"start":{"line":44,"column":4},"end":{"line":49,"column":4}}},"3":{"name":"contractOwner","line":51,"loc":{"start":{"line":51,"column":4},"end":{"line":53,"column":4}}},"4":{"name":"enforceIsContractOwner","line":55,"loc":{"start":{"line":55,"column":4},"end":{"line":57,"column":4}}},"5":{"name":"diamondCut","line":70,"loc":{"start":{"line":70,"column":4},"end":{"line":111,"column":4}}},"6":{"name":"addReplaceRemoveFacetSelectors","line":113,"loc":{"start":{"line":113,"column":4},"end":{"line":233,"column":4}}},"7":{"name":"initializeDiamondCut","line":235,"loc":{"start":{"line":235,"column":4},"end":{"line":253,"column":4}}},"8":{"name":"enforceHasContractCode","line":255,"loc":{"start":{"line":255,"column":4},"end":{"line":261,"column":4}}}},"statementMap":{"1":{"start":{"line":36,"column":8},"end":{"line":36,"column":51}},"2":{"start":{"line":45,"column":8},"end":{"line":45,"column":52}},"3":{"start":{"line":46,"column":8},"end":{"line":46,"column":48}},"4":{"start":{"line":47,"column":8},"end":{"line":47,"column":35}},"5":{"start":{"line":48,"column":8},"end":{"line":48,"column":59}},"6":{"start":{"line":52,"column":8},"end":{"line":52,"column":54}},"7":{"start":{"line":56,"column":8},"end":{"line":56,"column":98}},"8":{"start":{"line":75,"column":8},"end":{"line":75,"column":52}},"9":{"start":{"line":76,"column":8},"end":{"line":76,"column":56}},"10":{"start":{"line":77,"column":8},"end":{"line":77,"column":53}},"11":{"start":{"line":78,"column":8},"end":{"line":78,"column":28}},"12":{"start":{"line":81,"column":8},"end":{"line":81,"column":3507}},"13":{"start":{"line":84,"column":12},"end":{"line":84,"column":62}},"14":{"start":{"line":87,"column":8},"end":{"line":87,"column":3779}},"15":{"start":{"line":88,"column":12},"end":{"line":88,"column":3857}},"16":{"start":{"line":100,"column":8},"end":{"line":100,"column":4240}},"17":{"start":{"line":101,"column":12},"end":{"line":101,"column":51}},"18":{"start":{"line":105,"column":8},"end":{"line":105,"column":4490}},"19":{"start":{"line":107,"column":12},"end":{"line":107,"column":62}},"20":{"start":{"line":109,"column":8},"end":{"line":109,"column":54}},"21":{"start":{"line":110,"column":8},"end":{"line":110,"column":45}},"22":{"start":{"line":120,"column":8},"end":{"line":120,"column":52}},"23":{"start":{"line":121,"column":8},"end":{"line":121,"column":84}},"24":{"start":{"line":122,"column":8},"end":{"line":122,"column":5206}},"25":{"start":{"line":123,"column":12},"end":{"line":123,"column":91}},"26":{"start":{"line":124,"column":12},"end":{"line":124,"column":5365}},"27":{"start":{"line":125,"column":16},"end":{"line":125,"column":59}},"28":{"start":{"line":126,"column":16},"end":{"line":126,"column":54}},"29":{"start":{"line":127,"column":16},"end":{"line":127,"column":121}},"30":{"start":{"line":129,"column":16},"end":{"line":129,"column":88}},"31":{"start":{"line":132,"column":16},"end":{"line":132,"column":74}},"32":{"start":{"line":134,"column":16},"end":{"line":134,"column":145}},"33":{"start":{"line":136,"column":16},"end":{"line":136,"column":6342}},"34":{"start":{"line":138,"column":20},"end":{"line":138,"column":72}},"35":{"start":{"line":139,"column":20},"end":{"line":139,"column":36}},"36":{"start":{"line":147,"column":15},"end":{"line":147,"column":6747}},"37":{"start":{"line":148,"column":12},"end":{"line":148,"column":95}},"38":{"start":{"line":149,"column":12},"end":{"line":149,"column":6914}},"39":{"start":{"line":150,"column":16},"end":{"line":150,"column":59}},"40":{"start":{"line":151,"column":16},"end":{"line":151,"column":54}},"41":{"start":{"line":152,"column":16},"end":{"line":152,"column":68}},"42":{"start":{"line":154,"column":16},"end":{"line":154,"column":107}},"43":{"start":{"line":155,"column":16},"end":{"line":155,"column":119}},"44":{"start":{"line":156,"column":16},"end":{"line":156,"column":113}},"45":{"start":{"line":158,"column":16},"end":{"line":158,"column":96}},"46":{"start":{"line":164,"column":15},"end":{"line":164,"column":7829}},"47":{"start":{"line":165,"column":12},"end":{"line":165,"column":108}},"48":{"start":{"line":167,"column":12},"end":{"line":167,"column":59}},"49":{"start":{"line":169,"column":12},"end":{"line":169,"column":60}},"50":{"start":{"line":170,"column":12},"end":{"line":170,"column":8315}},"51":{"start":{"line":171,"column":16},"end":{"line":171,"column":8402}},"52":{"start":{"line":174,"column":20},"end":{"line":174,"column":70}},"53":{"start":{"line":175,"column":20},"end":{"line":175,"column":42}},"54":{"start":{"line":179,"column":16},"end":{"line":179,"column":35}},"55":{"start":{"line":180,"column":16},"end":{"line":180,"column":45}},"56":{"start":{"line":181,"column":16},"end":{"line":181,"column":49}},"57":{"start":{"line":184,"column":20},"end":{"line":184,"column":63}},"58":{"start":{"line":185,"column":20},"end":{"line":185,"column":58}},"59":{"start":{"line":186,"column":20},"end":{"line":186,"column":127}},"60":{"start":{"line":188,"column":20},"end":{"line":188,"column":121}},"61":{"start":{"line":192,"column":20},"end":{"line":192,"column":85}},"62":{"start":{"line":193,"column":20},"end":{"line":193,"column":9684}},"63":{"start":{"line":195,"column":24},"end":{"line":195,"column":115}},"64":{"start":{"line":198,"column":20},"end":{"line":198,"column":72}},"65":{"start":{"line":200,"column":20},"end":{"line":200,"column":64}},"66":{"start":{"line":203,"column":20},"end":{"line":203,"column":74}},"67":{"start":{"line":205,"column":16},"end":{"line":205,"column":10498}},"68":{"start":{"line":206,"column":20},"end":{"line":206,"column":85}},"69":{"start":{"line":208,"column":20},"end":{"line":208,"column":10814}},"70":{"start":{"line":212,"column":20},"end":{"line":212,"column":76}},"71":{"start":{"line":215,"column":20},"end":{"line":215,"column":11293}},"72":{"start":{"line":219,"column":16},"end":{"line":219,"column":11458}},"73":{"start":{"line":221,"column":20},"end":{"line":221,"column":36}},"74":{"start":{"line":228,"column":12},"end":{"line":228,"column":71}},"75":{"start":{"line":230,"column":12},"end":{"line":230,"column":60}},"76":{"start":{"line":232,"column":8},"end":{"line":232,"column":46}},"77":{"start":{"line":236,"column":8},"end":{"line":236,"column":12012}},"78":{"start":{"line":237,"column":12},"end":{"line":237,"column":18}},"79":{"start":{"line":239,"column":8},"end":{"line":239,"column":80}},"80":{"start":{"line":240,"column":8},"end":{"line":240,"column":74}},"81":{"start":{"line":241,"column":8},"end":{"line":241,"column":12244}},"82":{"start":{"line":242,"column":12},"end":{"line":242,"column":12276}},"83":{"start":{"line":256,"column":8},"end":{"line":256,"column":28}},"84":{"start":{"line":260,"column":8},"end":{"line":260,"column":47}}},"branchMap":{"1":{"line":56,"type":"if","locations":[{"start":{"line":56,"column":8},"end":{"line":56,"column":8}},{"start":{"line":56,"column":8},"end":{"line":56,"column":8}}]},"2":{"line":81,"type":"if","locations":[{"start":{"line":81,"column":8},"end":{"line":81,"column":8}},{"start":{"line":81,"column":8},"end":{"line":81,"column":8}}]},"3":{"line":100,"type":"if","locations":[{"start":{"line":100,"column":8},"end":{"line":100,"column":8}},{"start":{"line":100,"column":8},"end":{"line":100,"column":8}}]},"4":{"line":105,"type":"if","locations":[{"start":{"line":105,"column":8},"end":{"line":105,"column":8}},{"start":{"line":105,"column":8},"end":{"line":105,"column":8}}]},"5":{"line":121,"type":"if","locations":[{"start":{"line":121,"column":8},"end":{"line":121,"column":8}},{"start":{"line":121,"column":8},"end":{"line":121,"column":8}}]},"6":{"line":122,"type":"if","locations":[{"start":{"line":122,"column":8},"end":{"line":122,"column":8}},{"start":{"line":122,"column":8},"end":{"line":122,"column":8}}]},"7":{"line":127,"type":"if","locations":[{"start":{"line":127,"column":16},"end":{"line":127,"column":16}},{"start":{"line":127,"column":16},"end":{"line":127,"column":16}}]},"8":{"line":136,"type":"if","locations":[{"start":{"line":136,"column":16},"end":{"line":136,"column":16}},{"start":{"line":136,"column":16},"end":{"line":136,"column":16}}]},"9":{"line":147,"type":"if","locations":[{"start":{"line":147,"column":15},"end":{"line":147,"column":15}},{"start":{"line":147,"column":15},"end":{"line":147,"column":15}}]},"10":{"line":154,"type":"if","locations":[{"start":{"line":154,"column":16},"end":{"line":154,"column":16}},{"start":{"line":154,"column":16},"end":{"line":154,"column":16}}]},"11":{"line":155,"type":"if","locations":[{"start":{"line":155,"column":16},"end":{"line":155,"column":16}},{"start":{"line":155,"column":16},"end":{"line":155,"column":16}}]},"12":{"line":156,"type":"if","locations":[{"start":{"line":156,"column":16},"end":{"line":156,"column":16}},{"start":{"line":156,"column":16},"end":{"line":156,"column":16}}]},"13":{"line":164,"type":"if","locations":[{"start":{"line":164,"column":15},"end":{"line":164,"column":15}},{"start":{"line":164,"column":15},"end":{"line":164,"column":15}}]},"14":{"line":165,"type":"if","locations":[{"start":{"line":165,"column":12},"end":{"line":165,"column":12}},{"start":{"line":165,"column":12},"end":{"line":165,"column":12}}]},"15":{"line":171,"type":"if","locations":[{"start":{"line":171,"column":16},"end":{"line":171,"column":16}},{"start":{"line":171,"column":16},"end":{"line":171,"column":16}}]},"16":{"line":186,"type":"if","locations":[{"start":{"line":186,"column":20},"end":{"line":186,"column":20}},{"start":{"line":186,"column":20},"end":{"line":186,"column":20}}]},"17":{"line":188,"type":"if","locations":[{"start":{"line":188,"column":20},"end":{"line":188,"column":20}},{"start":{"line":188,"column":20},"end":{"line":188,"column":20}}]},"18":{"line":193,"type":"if","locations":[{"start":{"line":193,"column":20},"end":{"line":193,"column":20}},{"start":{"line":193,"column":20},"end":{"line":193,"column":20}}]},"19":{"line":205,"type":"if","locations":[{"start":{"line":205,"column":16},"end":{"line":205,"column":16}},{"start":{"line":205,"column":16},"end":{"line":205,"column":16}}]},"20":{"line":219,"type":"if","locations":[{"start":{"line":219,"column":16},"end":{"line":219,"column":16}},{"start":{"line":219,"column":16},"end":{"line":219,"column":16}}]},"21":{"line":236,"type":"if","locations":[{"start":{"line":236,"column":8},"end":{"line":236,"column":8}},{"start":{"line":236,"column":8},"end":{"line":236,"column":8}}]},"22":{"line":241,"type":"if","locations":[{"start":{"line":241,"column":8},"end":{"line":241,"column":8}},{"start":{"line":241,"column":8},"end":{"line":241,"column":8}}]},"23":{"line":242,"type":"if","locations":[{"start":{"line":242,"column":12},"end":{"line":242,"column":12}},{"start":{"line":242,"column":12},"end":{"line":242,"column":12}}]},"24":{"line":260,"type":"if","locations":[{"start":{"line":260,"column":8},"end":{"line":260,"column":8}},{"start":{"line":260,"column":8},"end":{"line":260,"column":8}}]}}},"contracts/mocks/MockERC20.sol":{"l":{"11":3,"12":3,"16":24},"path":"/Users/tpae/dev/niftykit/packages/contracts/niftykitv3/contracts/mocks/MockERC20.sol","s":{"1":3,"2":3,"3":24},"b":{},"f":{"1":3,"2":24},"fnMap":{"1":{"name":"constructor","line":10,"loc":{"start":{"line":10,"column":4},"end":{"line":13,"column":4}}},"2":{"name":"mint","line":15,"loc":{"start":{"line":15,"column":4},"end":{"line":17,"column":4}}}},"statementMap":{"1":{"start":{"line":11,"column":8},"end":{"line":11,"column":49}},"2":{"start":{"line":12,"column":8},"end":{"line":12,"column":42}},"3":{"start":{"line":16,"column":8},"end":{"line":16,"column":24}}},"branchMap":{}},"contracts/mocks/MockOperator.sol":{"l":{"13":4,"15":4},"path":"/Users/tpae/dev/niftykit/packages/contracts/niftykitv3/contracts/mocks/MockOperator.sol","s":{"1":4,"2":4},"b":{},"f":{"1":4},"fnMap":{"1":{"name":"mockTransfer","line":7,"loc":{"start":{"line":7,"column":4},"end":{"line":16,"column":4}}}},"statementMap":{"1":{"start":{"line":13,"column":8},"end":{"line":13,"column":55}},"2":{"start":{"line":15,"column":8},"end":{"line":15,"column":53}}},"branchMap":{}},"contracts/NiftyKitAppRegistry.sol":{"l":{"12":3,"16":24,"26":154,"30":153,"35":152,"44":934},"path":"/Users/tpae/dev/niftykit/packages/contracts/niftykitv3/contracts/NiftyKitAppRegistry.sol","s":{"1":3,"2":24,"3":154,"4":153,"5":152,"6":934},"b":{"1":[153,1],"2":[152,1]},"f":{"1":3,"2":24,"3":154,"4":934},"fnMap":{"1":{"name":"constructor","line":11,"loc":{"start":{"line":11,"column":4},"end":{"line":13,"column":4}}},"2":{"name":"initialize","line":15,"loc":{"start":{"line":15,"column":4},"end":{"line":17,"column":4}}},"3":{"name":"registerApp","line":25,"loc":{"start":{"line":19,"column":4},"end":{"line":41,"column":4}}},"4":{"name":"getApp","line":43,"loc":{"start":{"line":43,"column":4},"end":{"line":45,"column":4}}}},"statementMap":{"1":{"start":{"line":12,"column":8},"end":{"line":12,"column":29}},"2":{"start":{"line":16,"column":8},"end":{"line":16,"column":23}},"3":{"start":{"line":26,"column":8},"end":{"line":26,"column":760}},"4":{"start":{"line":30,"column":8},"end":{"line":30,"column":882}},"5":{"start":{"line":35,"column":8},"end":{"line":35,"column":1028}},"6":{"start":{"line":44,"column":8},"end":{"line":44,"column":26}}},"branchMap":{"1":{"line":26,"type":"if","locations":[{"start":{"line":26,"column":8},"end":{"line":26,"column":8}},{"start":{"line":26,"column":8},"end":{"line":26,"column":8}}]},"2":{"line":30,"type":"if","locations":[{"start":{"line":30,"column":8},"end":{"line":30,"column":8}},{"start":{"line":30,"column":8},"end":{"line":30,"column":8}}]}}},"contracts/NiftyKitV3.sol":{"l":{"28":3,"35":72,"36":72,"37":72,"38":72,"45":202,"46":202,"48":201,"52":196,"56":921,"60":2,"64":3,"68":13,"69":13,"71":12,"75":12,"79":300,"85":24,"89":14,"90":14,"92":13,"103":713,"104":712,"105":711,"111":710,"112":710,"113":710,"115":710,"116":710,"118":581},"path":"/Users/tpae/dev/niftykit/packages/contracts/niftykitv3/contracts/NiftyKitV3.sol","s":{"1":3,"2":72,"3":72,"4":72,"5":72,"6":202,"7":202,"8":201,"9":196,"10":921,"11":2,"12":3,"13":13,"14":13,"15":12,"16":12,"17":300,"18":24,"19":14,"20":14,"21":13,"22":713,"23":712,"24":711,"25":710,"26":710,"27":710,"28":710,"29":710,"30":581},"b":{"1":[201,1],"2":[12,1],"3":[13,1],"4":[712,1],"5":[711,1],"6":[710,1]},"f":{"1":3,"2":72,"3":202,"4":196,"5":921,"6":2,"7":3,"8":13,"9":12,"10":300,"11":24,"12":14,"13":713},"fnMap":{"1":{"name":"constructor","line":27,"loc":{"start":{"line":27,"column":4},"end":{"line":29,"column":4}}},"2":{"name":"initialize","line":34,"loc":{"start":{"line":31,"column":4},"end":{"line":39,"column":4}}},"3":{"name":"commission","line":41,"loc":{"start":{"line":41,"column":4},"end":{"line":49,"column":4}}},"4":{"name":"getFees","line":51,"loc":{"start":{"line":51,"column":4},"end":{"line":53,"column":4}}},"5":{"name":"appRegistry","line":55,"loc":{"start":{"line":55,"column":4},"end":{"line":57,"column":4}}},"6":{"name":"treasury","line":59,"loc":{"start":{"line":59,"column":4},"end":{"line":61,"column":4}}},"7":{"name":"diamondImplementation","line":63,"loc":{"start":{"line":63,"column":4},"end":{"line":65,"column":4}}},"8":{"name":"withdraw","line":67,"loc":{"start":{"line":67,"column":4},"end":{"line":72,"column":4}}},"9":{"name":"setTreasury","line":74,"loc":{"start":{"line":74,"column":4},"end":{"line":76,"column":4}}},"10":{"name":"setSigner","line":78,"loc":{"start":{"line":78,"column":4},"end":{"line":80,"column":4}}},"11":{"name":"setDiamondImplementation","line":84,"loc":{"start":{"line":82,"column":4},"end":{"line":86,"column":4}}},"12":{"name":"setRate","line":88,"loc":{"start":{"line":88,"column":4},"end":{"line":93,"column":4}}},"13":{"name":"createDiamond","line":95,"loc":{"start":{"line":95,"column":4},"end":{"line":119,"column":4}}}},"statementMap":{"1":{"start":{"line":28,"column":8},"end":{"line":28,"column":29}},"2":{"start":{"line":35,"column":8},"end":{"line":35,"column":34}},"3":{"start":{"line":36,"column":8},"end":{"line":36,"column":54}},"4":{"start":{"line":37,"column":8},"end":{"line":37,"column":31}},"5":{"start":{"line":38,"column":8},"end":{"line":38,"column":23}},"6":{"start":{"line":45,"column":8},"end":{"line":45,"column":64}},"7":{"start":{"line":46,"column":8},"end":{"line":46,"column":56}},"8":{"start":{"line":48,"column":8},"end":{"line":48,"column":57}},"9":{"start":{"line":52,"column":8},"end":{"line":52,"column":47}},"10":{"start":{"line":56,"column":8},"end":{"line":56,"column":27}},"11":{"start":{"line":60,"column":8},"end":{"line":60,"column":24}},"12":{"start":{"line":64,"column":8},"end":{"line":64,"column":37}},"13":{"start":{"line":68,"column":8},"end":{"line":68,"column":47}},"14":{"start":{"line":69,"column":8},"end":{"line":69,"column":53}},"15":{"start":{"line":71,"column":8},"end":{"line":71,"column":64}},"16":{"start":{"line":75,"column":8},"end":{"line":75,"column":30}},"17":{"start":{"line":79,"column":8},"end":{"line":79,"column":23}},"18":{"start":{"line":85,"column":8},"end":{"line":85,"column":46}},"19":{"start":{"line":89,"column":8},"end":{"line":89,"column":65}},"20":{"start":{"line":90,"column":8},"end":{"line":90,"column":52}},"21":{"start":{"line":92,"column":8},"end":{"line":92,"column":33}},"22":{"start":{"line":103,"column":8},"end":{"line":103,"column":55}},"23":{"start":{"line":104,"column":8},"end":{"line":104,"column":70}},"24":{"start":{"line":105,"column":8},"end":{"line":105,"column":3647}},"25":{"start":{"line":111,"column":8},"end":{"line":111,"column":74}},"26":{"start":{"line":112,"column":8},"end":{"line":112,"column":68}},"27":{"start":{"line":113,"column":8},"end":{"line":113,"column":62}},"28":{"start":{"line":115,"column":8},"end":{"line":115,"column":57}},"29":{"start":{"line":116,"column":8},"end":{"line":116,"column":48}},"30":{"start":{"line":118,"column":8},"end":{"line":118,"column":51}}},"branchMap":{"1":{"line":46,"type":"if","locations":[{"start":{"line":46,"column":8},"end":{"line":46,"column":8}},{"start":{"line":46,"column":8},"end":{"line":46,"column":8}}]},"2":{"line":69,"type":"if","locations":[{"start":{"line":69,"column":8},"end":{"line":69,"column":8}},{"start":{"line":69,"column":8},"end":{"line":69,"column":8}}]},"3":{"line":90,"type":"if","locations":[{"start":{"line":90,"column":8},"end":{"line":90,"column":8}},{"start":{"line":90,"column":8},"end":{"line":90,"column":8}}]},"4":{"line":103,"type":"if","locations":[{"start":{"line":103,"column":8},"end":{"line":103,"column":8}},{"start":{"line":103,"column":8},"end":{"line":103,"column":8}}]},"5":{"line":104,"type":"if","locations":[{"start":{"line":104,"column":8},"end":{"line":104,"column":8}},{"start":{"line":104,"column":8},"end":{"line":104,"column":8}}]},"6":{"line":105,"type":"if","locations":[{"start":{"line":105,"column":8},"end":{"line":105,"column":8}},{"start":{"line":105,"column":8},"end":{"line":105,"column":8}}]}}}}